ARM GAS  C:\msys64\tmp\cckGaWVJ.s 			page 1


   1              		.cpu cortex-m7
   2              		.arch armv7e-m
   3              		.fpu fpv5-d16
   4              		.eabi_attribute 28, 1
   5              		.eabi_attribute 20, 1
   6              		.eabi_attribute 21, 1
   7              		.eabi_attribute 23, 3
   8              		.eabi_attribute 24, 1
   9              		.eabi_attribute 25, 1
  10              		.eabi_attribute 26, 1
  11              		.eabi_attribute 30, 1
  12              		.eabi_attribute 34, 1
  13              		.eabi_attribute 18, 4
  14              		.file	"i2c.c"
  15              		.text
  16              	.Ltext0:
  17              		.cfi_sections	.debug_frame
  18              		.file 1 "Core/Src/i2c.c"
  19              		.section	.text.MX_I2C1_Init,"ax",%progbits
  20              		.align	1
  21              		.global	MX_I2C1_Init
  22              		.syntax unified
  23              		.thumb
  24              		.thumb_func
  26              	MX_I2C1_Init:
  27              	.LFB147:
   1:Core/Src/i2c.c **** /* USER CODE BEGIN Header */
   2:Core/Src/i2c.c **** /**
   3:Core/Src/i2c.c ****   ******************************************************************************
   4:Core/Src/i2c.c ****   * @file    i2c.c
   5:Core/Src/i2c.c ****   * @brief   This file provides code for the configuration
   6:Core/Src/i2c.c ****   *          of the I2C instances.
   7:Core/Src/i2c.c ****   ******************************************************************************
   8:Core/Src/i2c.c ****   * @attention
   9:Core/Src/i2c.c ****   *
  10:Core/Src/i2c.c ****   * Copyright (c) 2025 STMicroelectronics.
  11:Core/Src/i2c.c ****   * All rights reserved.
  12:Core/Src/i2c.c ****   *
  13:Core/Src/i2c.c ****   * This software is licensed under terms that can be found in the LICENSE file
  14:Core/Src/i2c.c ****   * in the root directory of this software component.
  15:Core/Src/i2c.c ****   * If no LICENSE file comes with this software, it is provided AS-IS.
  16:Core/Src/i2c.c ****   *
  17:Core/Src/i2c.c ****   ******************************************************************************
  18:Core/Src/i2c.c ****   */
  19:Core/Src/i2c.c **** /* USER CODE END Header */
  20:Core/Src/i2c.c **** /* Includes ------------------------------------------------------------------*/
  21:Core/Src/i2c.c **** #include "i2c.h"
  22:Core/Src/i2c.c **** 
  23:Core/Src/i2c.c **** /* USER CODE BEGIN 0 */
  24:Core/Src/i2c.c **** 
  25:Core/Src/i2c.c **** /* USER CODE END 0 */
  26:Core/Src/i2c.c **** 
  27:Core/Src/i2c.c **** I2C_HandleTypeDef hi2c1;
  28:Core/Src/i2c.c **** I2C_HandleTypeDef hi2c2;
  29:Core/Src/i2c.c **** 
  30:Core/Src/i2c.c **** /* I2C1 init function */
  31:Core/Src/i2c.c **** void MX_I2C1_Init(void)
ARM GAS  C:\msys64\tmp\cckGaWVJ.s 			page 2


  32:Core/Src/i2c.c **** {
  28              		.loc 1 32 1 view -0
  29              		.cfi_startproc
  30              		@ args = 0, pretend = 0, frame = 0
  31              		@ frame_needed = 0, uses_anonymous_args = 0
  32 0000 08B5     		push	{r3, lr}
  33              	.LCFI0:
  34              		.cfi_def_cfa_offset 8
  35              		.cfi_offset 3, -8
  36              		.cfi_offset 14, -4
  33:Core/Src/i2c.c **** 
  34:Core/Src/i2c.c ****   /* USER CODE BEGIN I2C1_Init 0 */
  35:Core/Src/i2c.c **** 
  36:Core/Src/i2c.c ****   /* USER CODE END I2C1_Init 0 */
  37:Core/Src/i2c.c **** 
  38:Core/Src/i2c.c ****   /* USER CODE BEGIN I2C1_Init 1 */
  39:Core/Src/i2c.c **** 
  40:Core/Src/i2c.c ****   /* USER CODE END I2C1_Init 1 */
  41:Core/Src/i2c.c ****   hi2c1.Instance = I2C1;
  37              		.loc 1 41 3 view .LVU1
  38              		.loc 1 41 18 is_stmt 0 view .LVU2
  39 0002 1248     		ldr	r0, .L9
  40 0004 124B     		ldr	r3, .L9+4
  41 0006 0360     		str	r3, [r0]
  42:Core/Src/i2c.c ****   hi2c1.Init.Timing = 0x20303E5D;
  42              		.loc 1 42 3 is_stmt 1 view .LVU3
  43              		.loc 1 42 21 is_stmt 0 view .LVU4
  44 0008 124B     		ldr	r3, .L9+8
  45 000a 4360     		str	r3, [r0, #4]
  43:Core/Src/i2c.c ****   hi2c1.Init.OwnAddress1 = 0;
  46              		.loc 1 43 3 is_stmt 1 view .LVU5
  47              		.loc 1 43 26 is_stmt 0 view .LVU6
  48 000c 0023     		movs	r3, #0
  49 000e 8360     		str	r3, [r0, #8]
  44:Core/Src/i2c.c ****   hi2c1.Init.AddressingMode = I2C_ADDRESSINGMODE_7BIT;
  50              		.loc 1 44 3 is_stmt 1 view .LVU7
  51              		.loc 1 44 29 is_stmt 0 view .LVU8
  52 0010 0122     		movs	r2, #1
  53 0012 C260     		str	r2, [r0, #12]
  45:Core/Src/i2c.c ****   hi2c1.Init.DualAddressMode = I2C_DUALADDRESS_DISABLE;
  54              		.loc 1 45 3 is_stmt 1 view .LVU9
  55              		.loc 1 45 30 is_stmt 0 view .LVU10
  56 0014 0361     		str	r3, [r0, #16]
  46:Core/Src/i2c.c ****   hi2c1.Init.OwnAddress2 = 0;
  57              		.loc 1 46 3 is_stmt 1 view .LVU11
  58              		.loc 1 46 26 is_stmt 0 view .LVU12
  59 0016 4361     		str	r3, [r0, #20]
  47:Core/Src/i2c.c ****   hi2c1.Init.OwnAddress2Masks = I2C_OA2_NOMASK;
  60              		.loc 1 47 3 is_stmt 1 view .LVU13
  61              		.loc 1 47 31 is_stmt 0 view .LVU14
  62 0018 8361     		str	r3, [r0, #24]
  48:Core/Src/i2c.c ****   hi2c1.Init.GeneralCallMode = I2C_GENERALCALL_DISABLE;
  63              		.loc 1 48 3 is_stmt 1 view .LVU15
  64              		.loc 1 48 30 is_stmt 0 view .LVU16
  65 001a C361     		str	r3, [r0, #28]
  49:Core/Src/i2c.c ****   hi2c1.Init.NoStretchMode = I2C_NOSTRETCH_DISABLE;
  66              		.loc 1 49 3 is_stmt 1 view .LVU17
ARM GAS  C:\msys64\tmp\cckGaWVJ.s 			page 3


  67              		.loc 1 49 28 is_stmt 0 view .LVU18
  68 001c 0362     		str	r3, [r0, #32]
  50:Core/Src/i2c.c ****   if (HAL_I2C_Init(&hi2c1) != HAL_OK)
  69              		.loc 1 50 3 is_stmt 1 view .LVU19
  70              		.loc 1 50 7 is_stmt 0 view .LVU20
  71 001e FFF7FEFF 		bl	HAL_I2C_Init
  72              	.LVL0:
  73              		.loc 1 50 6 discriminator 1 view .LVU21
  74 0022 50B9     		cbnz	r0, .L6
  75              	.L2:
  51:Core/Src/i2c.c ****   {
  52:Core/Src/i2c.c ****     Error_Handler();
  53:Core/Src/i2c.c ****   }
  54:Core/Src/i2c.c **** 
  55:Core/Src/i2c.c ****   /** Configure Analogue filter
  56:Core/Src/i2c.c ****   */
  57:Core/Src/i2c.c ****   if (HAL_I2CEx_ConfigAnalogFilter(&hi2c1, I2C_ANALOGFILTER_ENABLE) != HAL_OK)
  76              		.loc 1 57 3 is_stmt 1 view .LVU22
  77              		.loc 1 57 7 is_stmt 0 view .LVU23
  78 0024 0021     		movs	r1, #0
  79 0026 0948     		ldr	r0, .L9
  80 0028 FFF7FEFF 		bl	HAL_I2CEx_ConfigAnalogFilter
  81              	.LVL1:
  82              		.loc 1 57 6 discriminator 1 view .LVU24
  83 002c 40B9     		cbnz	r0, .L7
  84              	.L3:
  58:Core/Src/i2c.c ****   {
  59:Core/Src/i2c.c ****     Error_Handler();
  60:Core/Src/i2c.c ****   }
  61:Core/Src/i2c.c **** 
  62:Core/Src/i2c.c ****   /** Configure Digital filter
  63:Core/Src/i2c.c ****   */
  64:Core/Src/i2c.c ****   if (HAL_I2CEx_ConfigDigitalFilter(&hi2c1, 0) != HAL_OK)
  85              		.loc 1 64 3 is_stmt 1 view .LVU25
  86              		.loc 1 64 7 is_stmt 0 view .LVU26
  87 002e 0021     		movs	r1, #0
  88 0030 0648     		ldr	r0, .L9
  89 0032 FFF7FEFF 		bl	HAL_I2CEx_ConfigDigitalFilter
  90              	.LVL2:
  91              		.loc 1 64 6 discriminator 1 view .LVU27
  92 0036 30B9     		cbnz	r0, .L8
  93              	.L1:
  65:Core/Src/i2c.c ****   {
  66:Core/Src/i2c.c ****     Error_Handler();
  67:Core/Src/i2c.c ****   }
  68:Core/Src/i2c.c ****   /* USER CODE BEGIN I2C1_Init 2 */
  69:Core/Src/i2c.c **** 
  70:Core/Src/i2c.c ****   /* USER CODE END I2C1_Init 2 */
  71:Core/Src/i2c.c **** 
  72:Core/Src/i2c.c **** }
  94              		.loc 1 72 1 view .LVU28
  95 0038 08BD     		pop	{r3, pc}
  96              	.L6:
  52:Core/Src/i2c.c ****   }
  97              		.loc 1 52 5 is_stmt 1 view .LVU29
  98 003a FFF7FEFF 		bl	Error_Handler
  99              	.LVL3:
ARM GAS  C:\msys64\tmp\cckGaWVJ.s 			page 4


 100 003e F1E7     		b	.L2
 101              	.L7:
  59:Core/Src/i2c.c ****   }
 102              		.loc 1 59 5 view .LVU30
 103 0040 FFF7FEFF 		bl	Error_Handler
 104              	.LVL4:
 105 0044 F3E7     		b	.L3
 106              	.L8:
  66:Core/Src/i2c.c ****   }
 107              		.loc 1 66 5 view .LVU31
 108 0046 FFF7FEFF 		bl	Error_Handler
 109              	.LVL5:
 110              		.loc 1 72 1 is_stmt 0 view .LVU32
 111 004a F5E7     		b	.L1
 112              	.L10:
 113              		.align	2
 114              	.L9:
 115 004c 00000000 		.word	hi2c1
 116 0050 00540040 		.word	1073763328
 117 0054 5D3E3020 		.word	540032605
 118              		.cfi_endproc
 119              	.LFE147:
 121              		.section	.text.MX_I2C2_Init,"ax",%progbits
 122              		.align	1
 123              		.global	MX_I2C2_Init
 124              		.syntax unified
 125              		.thumb
 126              		.thumb_func
 128              	MX_I2C2_Init:
 129              	.LFB148:
  73:Core/Src/i2c.c **** /* I2C2 init function */
  74:Core/Src/i2c.c **** void MX_I2C2_Init(void)
  75:Core/Src/i2c.c **** {
 130              		.loc 1 75 1 is_stmt 1 view -0
 131              		.cfi_startproc
 132              		@ args = 0, pretend = 0, frame = 0
 133              		@ frame_needed = 0, uses_anonymous_args = 0
 134 0000 08B5     		push	{r3, lr}
 135              	.LCFI1:
 136              		.cfi_def_cfa_offset 8
 137              		.cfi_offset 3, -8
 138              		.cfi_offset 14, -4
  76:Core/Src/i2c.c **** 
  77:Core/Src/i2c.c ****   /* USER CODE BEGIN I2C2_Init 0 */
  78:Core/Src/i2c.c **** 
  79:Core/Src/i2c.c ****   /* USER CODE END I2C2_Init 0 */
  80:Core/Src/i2c.c **** 
  81:Core/Src/i2c.c ****   /* USER CODE BEGIN I2C2_Init 1 */
  82:Core/Src/i2c.c **** 
  83:Core/Src/i2c.c ****   /* USER CODE END I2C2_Init 1 */
  84:Core/Src/i2c.c ****   hi2c2.Instance = I2C2;
 139              		.loc 1 84 3 view .LVU34
 140              		.loc 1 84 18 is_stmt 0 view .LVU35
 141 0002 1248     		ldr	r0, .L19
 142 0004 124B     		ldr	r3, .L19+4
 143 0006 0360     		str	r3, [r0]
  85:Core/Src/i2c.c ****   hi2c2.Init.Timing = 0x20303E5D;
ARM GAS  C:\msys64\tmp\cckGaWVJ.s 			page 5


 144              		.loc 1 85 3 is_stmt 1 view .LVU36
 145              		.loc 1 85 21 is_stmt 0 view .LVU37
 146 0008 124B     		ldr	r3, .L19+8
 147 000a 4360     		str	r3, [r0, #4]
  86:Core/Src/i2c.c ****   hi2c2.Init.OwnAddress1 = 0;
 148              		.loc 1 86 3 is_stmt 1 view .LVU38
 149              		.loc 1 86 26 is_stmt 0 view .LVU39
 150 000c 0023     		movs	r3, #0
 151 000e 8360     		str	r3, [r0, #8]
  87:Core/Src/i2c.c ****   hi2c2.Init.AddressingMode = I2C_ADDRESSINGMODE_7BIT;
 152              		.loc 1 87 3 is_stmt 1 view .LVU40
 153              		.loc 1 87 29 is_stmt 0 view .LVU41
 154 0010 0122     		movs	r2, #1
 155 0012 C260     		str	r2, [r0, #12]
  88:Core/Src/i2c.c ****   hi2c2.Init.DualAddressMode = I2C_DUALADDRESS_DISABLE;
 156              		.loc 1 88 3 is_stmt 1 view .LVU42
 157              		.loc 1 88 30 is_stmt 0 view .LVU43
 158 0014 0361     		str	r3, [r0, #16]
  89:Core/Src/i2c.c ****   hi2c2.Init.OwnAddress2 = 0;
 159              		.loc 1 89 3 is_stmt 1 view .LVU44
 160              		.loc 1 89 26 is_stmt 0 view .LVU45
 161 0016 4361     		str	r3, [r0, #20]
  90:Core/Src/i2c.c ****   hi2c2.Init.OwnAddress2Masks = I2C_OA2_NOMASK;
 162              		.loc 1 90 3 is_stmt 1 view .LVU46
 163              		.loc 1 90 31 is_stmt 0 view .LVU47
 164 0018 8361     		str	r3, [r0, #24]
  91:Core/Src/i2c.c ****   hi2c2.Init.GeneralCallMode = I2C_GENERALCALL_DISABLE;
 165              		.loc 1 91 3 is_stmt 1 view .LVU48
 166              		.loc 1 91 30 is_stmt 0 view .LVU49
 167 001a C361     		str	r3, [r0, #28]
  92:Core/Src/i2c.c ****   hi2c2.Init.NoStretchMode = I2C_NOSTRETCH_DISABLE;
 168              		.loc 1 92 3 is_stmt 1 view .LVU50
 169              		.loc 1 92 28 is_stmt 0 view .LVU51
 170 001c 0362     		str	r3, [r0, #32]
  93:Core/Src/i2c.c ****   if (HAL_I2C_Init(&hi2c2) != HAL_OK)
 171              		.loc 1 93 3 is_stmt 1 view .LVU52
 172              		.loc 1 93 7 is_stmt 0 view .LVU53
 173 001e FFF7FEFF 		bl	HAL_I2C_Init
 174              	.LVL6:
 175              		.loc 1 93 6 discriminator 1 view .LVU54
 176 0022 50B9     		cbnz	r0, .L16
 177              	.L12:
  94:Core/Src/i2c.c ****   {
  95:Core/Src/i2c.c ****     Error_Handler();
  96:Core/Src/i2c.c ****   }
  97:Core/Src/i2c.c **** 
  98:Core/Src/i2c.c ****   /** Configure Analogue filter
  99:Core/Src/i2c.c ****   */
 100:Core/Src/i2c.c ****   if (HAL_I2CEx_ConfigAnalogFilter(&hi2c2, I2C_ANALOGFILTER_ENABLE) != HAL_OK)
 178              		.loc 1 100 3 is_stmt 1 view .LVU55
 179              		.loc 1 100 7 is_stmt 0 view .LVU56
 180 0024 0021     		movs	r1, #0
 181 0026 0948     		ldr	r0, .L19
 182 0028 FFF7FEFF 		bl	HAL_I2CEx_ConfigAnalogFilter
 183              	.LVL7:
 184              		.loc 1 100 6 discriminator 1 view .LVU57
 185 002c 40B9     		cbnz	r0, .L17
ARM GAS  C:\msys64\tmp\cckGaWVJ.s 			page 6


 186              	.L13:
 101:Core/Src/i2c.c ****   {
 102:Core/Src/i2c.c ****     Error_Handler();
 103:Core/Src/i2c.c ****   }
 104:Core/Src/i2c.c **** 
 105:Core/Src/i2c.c ****   /** Configure Digital filter
 106:Core/Src/i2c.c ****   */
 107:Core/Src/i2c.c ****   if (HAL_I2CEx_ConfigDigitalFilter(&hi2c2, 0) != HAL_OK)
 187              		.loc 1 107 3 is_stmt 1 view .LVU58
 188              		.loc 1 107 7 is_stmt 0 view .LVU59
 189 002e 0021     		movs	r1, #0
 190 0030 0648     		ldr	r0, .L19
 191 0032 FFF7FEFF 		bl	HAL_I2CEx_ConfigDigitalFilter
 192              	.LVL8:
 193              		.loc 1 107 6 discriminator 1 view .LVU60
 194 0036 30B9     		cbnz	r0, .L18
 195              	.L11:
 108:Core/Src/i2c.c ****   {
 109:Core/Src/i2c.c ****     Error_Handler();
 110:Core/Src/i2c.c ****   }
 111:Core/Src/i2c.c ****   /* USER CODE BEGIN I2C2_Init 2 */
 112:Core/Src/i2c.c **** 
 113:Core/Src/i2c.c ****   /* USER CODE END I2C2_Init 2 */
 114:Core/Src/i2c.c **** 
 115:Core/Src/i2c.c **** }
 196              		.loc 1 115 1 view .LVU61
 197 0038 08BD     		pop	{r3, pc}
 198              	.L16:
  95:Core/Src/i2c.c ****   }
 199              		.loc 1 95 5 is_stmt 1 view .LVU62
 200 003a FFF7FEFF 		bl	Error_Handler
 201              	.LVL9:
 202 003e F1E7     		b	.L12
 203              	.L17:
 102:Core/Src/i2c.c ****   }
 204              		.loc 1 102 5 view .LVU63
 205 0040 FFF7FEFF 		bl	Error_Handler
 206              	.LVL10:
 207 0044 F3E7     		b	.L13
 208              	.L18:
 109:Core/Src/i2c.c ****   }
 209              		.loc 1 109 5 view .LVU64
 210 0046 FFF7FEFF 		bl	Error_Handler
 211              	.LVL11:
 212              		.loc 1 115 1 is_stmt 0 view .LVU65
 213 004a F5E7     		b	.L11
 214              	.L20:
 215              		.align	2
 216              	.L19:
 217 004c 00000000 		.word	hi2c2
 218 0050 00580040 		.word	1073764352
 219 0054 5D3E3020 		.word	540032605
 220              		.cfi_endproc
 221              	.LFE148:
 223              		.section	.text.HAL_I2C_MspInit,"ax",%progbits
 224              		.align	1
 225              		.global	HAL_I2C_MspInit
ARM GAS  C:\msys64\tmp\cckGaWVJ.s 			page 7


 226              		.syntax unified
 227              		.thumb
 228              		.thumb_func
 230              	HAL_I2C_MspInit:
 231              	.LVL12:
 232              	.LFB149:
 116:Core/Src/i2c.c **** 
 117:Core/Src/i2c.c **** void HAL_I2C_MspInit(I2C_HandleTypeDef* i2cHandle)
 118:Core/Src/i2c.c **** {
 233              		.loc 1 118 1 is_stmt 1 view -0
 234              		.cfi_startproc
 235              		@ args = 0, pretend = 0, frame = 224
 236              		@ frame_needed = 0, uses_anonymous_args = 0
 237              		.loc 1 118 1 is_stmt 0 view .LVU67
 238 0000 10B5     		push	{r4, lr}
 239              	.LCFI2:
 240              		.cfi_def_cfa_offset 8
 241              		.cfi_offset 4, -8
 242              		.cfi_offset 14, -4
 243 0002 B8B0     		sub	sp, sp, #224
 244              	.LCFI3:
 245              		.cfi_def_cfa_offset 232
 246 0004 0446     		mov	r4, r0
 119:Core/Src/i2c.c **** 
 120:Core/Src/i2c.c ****   GPIO_InitTypeDef GPIO_InitStruct = {0};
 247              		.loc 1 120 3 is_stmt 1 view .LVU68
 248              		.loc 1 120 20 is_stmt 0 view .LVU69
 249 0006 0021     		movs	r1, #0
 250 0008 3391     		str	r1, [sp, #204]
 251 000a 3491     		str	r1, [sp, #208]
 252 000c 3591     		str	r1, [sp, #212]
 253 000e 3691     		str	r1, [sp, #216]
 254 0010 3791     		str	r1, [sp, #220]
 121:Core/Src/i2c.c ****   RCC_PeriphCLKInitTypeDef PeriphClkInitStruct = {0};
 255              		.loc 1 121 3 is_stmt 1 view .LVU70
 256              		.loc 1 121 28 is_stmt 0 view .LVU71
 257 0012 B822     		movs	r2, #184
 258 0014 04A8     		add	r0, sp, #16
 259              	.LVL13:
 260              		.loc 1 121 28 view .LVU72
 261 0016 FFF7FEFF 		bl	memset
 262              	.LVL14:
 122:Core/Src/i2c.c ****   if(i2cHandle->Instance==I2C1)
 263              		.loc 1 122 3 is_stmt 1 view .LVU73
 264              		.loc 1 122 15 is_stmt 0 view .LVU74
 265 001a 2368     		ldr	r3, [r4]
 266              		.loc 1 122 5 view .LVU75
 267 001c 354A     		ldr	r2, .L31
 268 001e 9342     		cmp	r3, r2
 269 0020 04D0     		beq	.L27
 123:Core/Src/i2c.c ****   {
 124:Core/Src/i2c.c ****   /* USER CODE BEGIN I2C1_MspInit 0 */
 125:Core/Src/i2c.c **** 
 126:Core/Src/i2c.c ****   /* USER CODE END I2C1_MspInit 0 */
 127:Core/Src/i2c.c **** 
 128:Core/Src/i2c.c ****   /** Initializes the peripherals clock
 129:Core/Src/i2c.c ****   */
ARM GAS  C:\msys64\tmp\cckGaWVJ.s 			page 8


 130:Core/Src/i2c.c ****     PeriphClkInitStruct.PeriphClockSelection = RCC_PERIPHCLK_I2C1;
 131:Core/Src/i2c.c ****     PeriphClkInitStruct.I2c123ClockSelection = RCC_I2C1235CLKSOURCE_D2PCLK1;
 132:Core/Src/i2c.c ****     if (HAL_RCCEx_PeriphCLKConfig(&PeriphClkInitStruct) != HAL_OK)
 133:Core/Src/i2c.c ****     {
 134:Core/Src/i2c.c ****       Error_Handler();
 135:Core/Src/i2c.c ****     }
 136:Core/Src/i2c.c **** 
 137:Core/Src/i2c.c ****     __HAL_RCC_GPIOB_CLK_ENABLE();
 138:Core/Src/i2c.c ****     /**I2C1 GPIO Configuration
 139:Core/Src/i2c.c ****     PB6     ------> I2C1_SCL
 140:Core/Src/i2c.c ****     PB7     ------> I2C1_SDA
 141:Core/Src/i2c.c ****     */
 142:Core/Src/i2c.c ****     GPIO_InitStruct.Pin = GPIO_PIN_6|GPIO_PIN_7;
 143:Core/Src/i2c.c ****     GPIO_InitStruct.Mode = GPIO_MODE_AF_OD;
 144:Core/Src/i2c.c ****     GPIO_InitStruct.Pull = GPIO_NOPULL;
 145:Core/Src/i2c.c ****     GPIO_InitStruct.Speed = GPIO_SPEED_FREQ_LOW;
 146:Core/Src/i2c.c ****     GPIO_InitStruct.Alternate = GPIO_AF4_I2C1;
 147:Core/Src/i2c.c ****     HAL_GPIO_Init(GPIOB, &GPIO_InitStruct);
 148:Core/Src/i2c.c **** 
 149:Core/Src/i2c.c ****     /* I2C1 clock enable */
 150:Core/Src/i2c.c ****     __HAL_RCC_I2C1_CLK_ENABLE();
 151:Core/Src/i2c.c ****   /* USER CODE BEGIN I2C1_MspInit 1 */
 152:Core/Src/i2c.c **** 
 153:Core/Src/i2c.c ****   /* USER CODE END I2C1_MspInit 1 */
 154:Core/Src/i2c.c ****   }
 155:Core/Src/i2c.c ****   else if(i2cHandle->Instance==I2C2)
 270              		.loc 1 155 8 is_stmt 1 view .LVU76
 271              		.loc 1 155 10 is_stmt 0 view .LVU77
 272 0022 354A     		ldr	r2, .L31+4
 273 0024 9342     		cmp	r3, r2
 274 0026 33D0     		beq	.L28
 275              	.LVL15:
 276              	.L21:
 156:Core/Src/i2c.c ****   {
 157:Core/Src/i2c.c ****   /* USER CODE BEGIN I2C2_MspInit 0 */
 158:Core/Src/i2c.c **** 
 159:Core/Src/i2c.c ****   /* USER CODE END I2C2_MspInit 0 */
 160:Core/Src/i2c.c **** 
 161:Core/Src/i2c.c ****   /** Initializes the peripherals clock
 162:Core/Src/i2c.c ****   */
 163:Core/Src/i2c.c ****     PeriphClkInitStruct.PeriphClockSelection = RCC_PERIPHCLK_I2C2;
 164:Core/Src/i2c.c ****     PeriphClkInitStruct.I2c123ClockSelection = RCC_I2C1235CLKSOURCE_D2PCLK1;
 165:Core/Src/i2c.c ****     if (HAL_RCCEx_PeriphCLKConfig(&PeriphClkInitStruct) != HAL_OK)
 166:Core/Src/i2c.c ****     {
 167:Core/Src/i2c.c ****       Error_Handler();
 168:Core/Src/i2c.c ****     }
 169:Core/Src/i2c.c **** 
 170:Core/Src/i2c.c ****     __HAL_RCC_GPIOF_CLK_ENABLE();
 171:Core/Src/i2c.c ****     /**I2C2 GPIO Configuration
 172:Core/Src/i2c.c ****     PF0     ------> I2C2_SDA
 173:Core/Src/i2c.c ****     PF1     ------> I2C2_SCL
 174:Core/Src/i2c.c ****     */
 175:Core/Src/i2c.c ****     GPIO_InitStruct.Pin = GPIO_PIN_0|GPIO_PIN_1;
 176:Core/Src/i2c.c ****     GPIO_InitStruct.Mode = GPIO_MODE_AF_OD;
 177:Core/Src/i2c.c ****     GPIO_InitStruct.Pull = GPIO_NOPULL;
 178:Core/Src/i2c.c ****     GPIO_InitStruct.Speed = GPIO_SPEED_FREQ_LOW;
 179:Core/Src/i2c.c ****     GPIO_InitStruct.Alternate = GPIO_AF4_I2C2;
ARM GAS  C:\msys64\tmp\cckGaWVJ.s 			page 9


 180:Core/Src/i2c.c ****     HAL_GPIO_Init(GPIOF, &GPIO_InitStruct);
 181:Core/Src/i2c.c **** 
 182:Core/Src/i2c.c ****     /* I2C2 clock enable */
 183:Core/Src/i2c.c ****     __HAL_RCC_I2C2_CLK_ENABLE();
 184:Core/Src/i2c.c ****   /* USER CODE BEGIN I2C2_MspInit 1 */
 185:Core/Src/i2c.c **** 
 186:Core/Src/i2c.c ****   /* USER CODE END I2C2_MspInit 1 */
 187:Core/Src/i2c.c ****   }
 188:Core/Src/i2c.c **** }
 277              		.loc 1 188 1 view .LVU78
 278 0028 38B0     		add	sp, sp, #224
 279              	.LCFI4:
 280              		.cfi_remember_state
 281              		.cfi_def_cfa_offset 8
 282              		@ sp needed
 283 002a 10BD     		pop	{r4, pc}
 284              	.LVL16:
 285              	.L27:
 286              	.LCFI5:
 287              		.cfi_restore_state
 130:Core/Src/i2c.c ****     PeriphClkInitStruct.I2c123ClockSelection = RCC_I2C1235CLKSOURCE_D2PCLK1;
 288              		.loc 1 130 5 is_stmt 1 view .LVU79
 130:Core/Src/i2c.c ****     PeriphClkInitStruct.I2c123ClockSelection = RCC_I2C1235CLKSOURCE_D2PCLK1;
 289              		.loc 1 130 46 is_stmt 0 view .LVU80
 290 002c 0822     		movs	r2, #8
 291 002e 0023     		movs	r3, #0
 292 0030 CDE90423 		strd	r2, [sp, #16]
 131:Core/Src/i2c.c ****     if (HAL_RCCEx_PeriphCLKConfig(&PeriphClkInitStruct) != HAL_OK)
 293              		.loc 1 131 5 is_stmt 1 view .LVU81
 132:Core/Src/i2c.c ****     {
 294              		.loc 1 132 5 view .LVU82
 132:Core/Src/i2c.c ****     {
 295              		.loc 1 132 9 is_stmt 0 view .LVU83
 296 0034 04A8     		add	r0, sp, #16
 297 0036 FFF7FEFF 		bl	HAL_RCCEx_PeriphCLKConfig
 298              	.LVL17:
 132:Core/Src/i2c.c ****     {
 299              		.loc 1 132 8 discriminator 1 view .LVU84
 300 003a 30BB     		cbnz	r0, .L29
 301              	.L23:
 137:Core/Src/i2c.c ****     /**I2C1 GPIO Configuration
 302              		.loc 1 137 5 is_stmt 1 view .LVU85
 303              	.LBB2:
 137:Core/Src/i2c.c ****     /**I2C1 GPIO Configuration
 304              		.loc 1 137 5 view .LVU86
 137:Core/Src/i2c.c ****     /**I2C1 GPIO Configuration
 305              		.loc 1 137 5 view .LVU87
 306 003c 2F4C     		ldr	r4, .L31+8
 307              	.LVL18:
 137:Core/Src/i2c.c ****     /**I2C1 GPIO Configuration
 308              		.loc 1 137 5 is_stmt 0 view .LVU88
 309 003e D4F8E030 		ldr	r3, [r4, #224]
 310 0042 43F00203 		orr	r3, r3, #2
 311 0046 C4F8E030 		str	r3, [r4, #224]
 137:Core/Src/i2c.c ****     /**I2C1 GPIO Configuration
 312              		.loc 1 137 5 is_stmt 1 view .LVU89
 313 004a D4F8E030 		ldr	r3, [r4, #224]
ARM GAS  C:\msys64\tmp\cckGaWVJ.s 			page 10


 314 004e 03F00203 		and	r3, r3, #2
 315 0052 0093     		str	r3, [sp]
 137:Core/Src/i2c.c ****     /**I2C1 GPIO Configuration
 316              		.loc 1 137 5 view .LVU90
 317 0054 009B     		ldr	r3, [sp]
 318              	.LBE2:
 137:Core/Src/i2c.c ****     /**I2C1 GPIO Configuration
 319              		.loc 1 137 5 view .LVU91
 142:Core/Src/i2c.c ****     GPIO_InitStruct.Mode = GPIO_MODE_AF_OD;
 320              		.loc 1 142 5 view .LVU92
 142:Core/Src/i2c.c ****     GPIO_InitStruct.Mode = GPIO_MODE_AF_OD;
 321              		.loc 1 142 25 is_stmt 0 view .LVU93
 322 0056 C023     		movs	r3, #192
 323 0058 3393     		str	r3, [sp, #204]
 143:Core/Src/i2c.c ****     GPIO_InitStruct.Pull = GPIO_NOPULL;
 324              		.loc 1 143 5 is_stmt 1 view .LVU94
 143:Core/Src/i2c.c ****     GPIO_InitStruct.Pull = GPIO_NOPULL;
 325              		.loc 1 143 26 is_stmt 0 view .LVU95
 326 005a 1223     		movs	r3, #18
 327 005c 3493     		str	r3, [sp, #208]
 144:Core/Src/i2c.c ****     GPIO_InitStruct.Speed = GPIO_SPEED_FREQ_LOW;
 328              		.loc 1 144 5 is_stmt 1 view .LVU96
 144:Core/Src/i2c.c ****     GPIO_InitStruct.Speed = GPIO_SPEED_FREQ_LOW;
 329              		.loc 1 144 26 is_stmt 0 view .LVU97
 330 005e 0023     		movs	r3, #0
 331 0060 3593     		str	r3, [sp, #212]
 145:Core/Src/i2c.c ****     GPIO_InitStruct.Alternate = GPIO_AF4_I2C1;
 332              		.loc 1 145 5 is_stmt 1 view .LVU98
 145:Core/Src/i2c.c ****     GPIO_InitStruct.Alternate = GPIO_AF4_I2C1;
 333              		.loc 1 145 27 is_stmt 0 view .LVU99
 334 0062 3693     		str	r3, [sp, #216]
 146:Core/Src/i2c.c ****     HAL_GPIO_Init(GPIOB, &GPIO_InitStruct);
 335              		.loc 1 146 5 is_stmt 1 view .LVU100
 146:Core/Src/i2c.c ****     HAL_GPIO_Init(GPIOB, &GPIO_InitStruct);
 336              		.loc 1 146 31 is_stmt 0 view .LVU101
 337 0064 0423     		movs	r3, #4
 338 0066 3793     		str	r3, [sp, #220]
 147:Core/Src/i2c.c **** 
 339              		.loc 1 147 5 is_stmt 1 view .LVU102
 340 0068 33A9     		add	r1, sp, #204
 341 006a 2548     		ldr	r0, .L31+12
 342 006c FFF7FEFF 		bl	HAL_GPIO_Init
 343              	.LVL19:
 150:Core/Src/i2c.c ****   /* USER CODE BEGIN I2C1_MspInit 1 */
 344              		.loc 1 150 5 view .LVU103
 345              	.LBB3:
 150:Core/Src/i2c.c ****   /* USER CODE BEGIN I2C1_MspInit 1 */
 346              		.loc 1 150 5 view .LVU104
 150:Core/Src/i2c.c ****   /* USER CODE BEGIN I2C1_MspInit 1 */
 347              		.loc 1 150 5 view .LVU105
 348 0070 D4F8E830 		ldr	r3, [r4, #232]
 349 0074 43F40013 		orr	r3, r3, #2097152
 350 0078 C4F8E830 		str	r3, [r4, #232]
 150:Core/Src/i2c.c ****   /* USER CODE BEGIN I2C1_MspInit 1 */
 351              		.loc 1 150 5 view .LVU106
 352 007c D4F8E830 		ldr	r3, [r4, #232]
 353 0080 03F40013 		and	r3, r3, #2097152
ARM GAS  C:\msys64\tmp\cckGaWVJ.s 			page 11


 354 0084 0193     		str	r3, [sp, #4]
 150:Core/Src/i2c.c ****   /* USER CODE BEGIN I2C1_MspInit 1 */
 355              		.loc 1 150 5 view .LVU107
 356 0086 019B     		ldr	r3, [sp, #4]
 357              	.LBE3:
 150:Core/Src/i2c.c ****   /* USER CODE BEGIN I2C1_MspInit 1 */
 358              		.loc 1 150 5 view .LVU108
 359 0088 CEE7     		b	.L21
 360              	.LVL20:
 361              	.L29:
 134:Core/Src/i2c.c ****     }
 362              		.loc 1 134 7 view .LVU109
 363 008a FFF7FEFF 		bl	Error_Handler
 364              	.LVL21:
 365 008e D5E7     		b	.L23
 366              	.L28:
 163:Core/Src/i2c.c ****     PeriphClkInitStruct.I2c123ClockSelection = RCC_I2C1235CLKSOURCE_D2PCLK1;
 367              		.loc 1 163 5 view .LVU110
 163:Core/Src/i2c.c ****     PeriphClkInitStruct.I2c123ClockSelection = RCC_I2C1235CLKSOURCE_D2PCLK1;
 368              		.loc 1 163 46 is_stmt 0 view .LVU111
 369 0090 0822     		movs	r2, #8
 370 0092 0023     		movs	r3, #0
 371 0094 CDE90423 		strd	r2, [sp, #16]
 164:Core/Src/i2c.c ****     if (HAL_RCCEx_PeriphCLKConfig(&PeriphClkInitStruct) != HAL_OK)
 372              		.loc 1 164 5 is_stmt 1 view .LVU112
 165:Core/Src/i2c.c ****     {
 373              		.loc 1 165 5 view .LVU113
 165:Core/Src/i2c.c ****     {
 374              		.loc 1 165 9 is_stmt 0 view .LVU114
 375 0098 04A8     		add	r0, sp, #16
 376 009a FFF7FEFF 		bl	HAL_RCCEx_PeriphCLKConfig
 377              	.LVL22:
 165:Core/Src/i2c.c ****     {
 378              		.loc 1 165 8 discriminator 1 view .LVU115
 379 009e 30BB     		cbnz	r0, .L30
 380              	.L25:
 170:Core/Src/i2c.c ****     /**I2C2 GPIO Configuration
 381              		.loc 1 170 5 is_stmt 1 view .LVU116
 382              	.LBB4:
 170:Core/Src/i2c.c ****     /**I2C2 GPIO Configuration
 383              		.loc 1 170 5 view .LVU117
 170:Core/Src/i2c.c ****     /**I2C2 GPIO Configuration
 384              		.loc 1 170 5 view .LVU118
 385 00a0 164C     		ldr	r4, .L31+8
 386              	.LVL23:
 170:Core/Src/i2c.c ****     /**I2C2 GPIO Configuration
 387              		.loc 1 170 5 is_stmt 0 view .LVU119
 388 00a2 D4F8E030 		ldr	r3, [r4, #224]
 389 00a6 43F02003 		orr	r3, r3, #32
 390 00aa C4F8E030 		str	r3, [r4, #224]
 170:Core/Src/i2c.c ****     /**I2C2 GPIO Configuration
 391              		.loc 1 170 5 is_stmt 1 view .LVU120
 392 00ae D4F8E030 		ldr	r3, [r4, #224]
 393 00b2 03F02003 		and	r3, r3, #32
 394 00b6 0293     		str	r3, [sp, #8]
 170:Core/Src/i2c.c ****     /**I2C2 GPIO Configuration
 395              		.loc 1 170 5 view .LVU121
ARM GAS  C:\msys64\tmp\cckGaWVJ.s 			page 12


 396 00b8 029B     		ldr	r3, [sp, #8]
 397              	.LBE4:
 170:Core/Src/i2c.c ****     /**I2C2 GPIO Configuration
 398              		.loc 1 170 5 view .LVU122
 175:Core/Src/i2c.c ****     GPIO_InitStruct.Mode = GPIO_MODE_AF_OD;
 399              		.loc 1 175 5 view .LVU123
 175:Core/Src/i2c.c ****     GPIO_InitStruct.Mode = GPIO_MODE_AF_OD;
 400              		.loc 1 175 25 is_stmt 0 view .LVU124
 401 00ba 0323     		movs	r3, #3
 402 00bc 3393     		str	r3, [sp, #204]
 176:Core/Src/i2c.c ****     GPIO_InitStruct.Pull = GPIO_NOPULL;
 403              		.loc 1 176 5 is_stmt 1 view .LVU125
 176:Core/Src/i2c.c ****     GPIO_InitStruct.Pull = GPIO_NOPULL;
 404              		.loc 1 176 26 is_stmt 0 view .LVU126
 405 00be 1223     		movs	r3, #18
 406 00c0 3493     		str	r3, [sp, #208]
 177:Core/Src/i2c.c ****     GPIO_InitStruct.Speed = GPIO_SPEED_FREQ_LOW;
 407              		.loc 1 177 5 is_stmt 1 view .LVU127
 177:Core/Src/i2c.c ****     GPIO_InitStruct.Speed = GPIO_SPEED_FREQ_LOW;
 408              		.loc 1 177 26 is_stmt 0 view .LVU128
 409 00c2 0023     		movs	r3, #0
 410 00c4 3593     		str	r3, [sp, #212]
 178:Core/Src/i2c.c ****     GPIO_InitStruct.Alternate = GPIO_AF4_I2C2;
 411              		.loc 1 178 5 is_stmt 1 view .LVU129
 178:Core/Src/i2c.c ****     GPIO_InitStruct.Alternate = GPIO_AF4_I2C2;
 412              		.loc 1 178 27 is_stmt 0 view .LVU130
 413 00c6 3693     		str	r3, [sp, #216]
 179:Core/Src/i2c.c ****     HAL_GPIO_Init(GPIOF, &GPIO_InitStruct);
 414              		.loc 1 179 5 is_stmt 1 view .LVU131
 179:Core/Src/i2c.c ****     HAL_GPIO_Init(GPIOF, &GPIO_InitStruct);
 415              		.loc 1 179 31 is_stmt 0 view .LVU132
 416 00c8 0423     		movs	r3, #4
 417 00ca 3793     		str	r3, [sp, #220]
 180:Core/Src/i2c.c **** 
 418              		.loc 1 180 5 is_stmt 1 view .LVU133
 419 00cc 33A9     		add	r1, sp, #204
 420 00ce 0D48     		ldr	r0, .L31+16
 421 00d0 FFF7FEFF 		bl	HAL_GPIO_Init
 422              	.LVL24:
 183:Core/Src/i2c.c ****   /* USER CODE BEGIN I2C2_MspInit 1 */
 423              		.loc 1 183 5 view .LVU134
 424              	.LBB5:
 183:Core/Src/i2c.c ****   /* USER CODE BEGIN I2C2_MspInit 1 */
 425              		.loc 1 183 5 view .LVU135
 183:Core/Src/i2c.c ****   /* USER CODE BEGIN I2C2_MspInit 1 */
 426              		.loc 1 183 5 view .LVU136
 427 00d4 D4F8E830 		ldr	r3, [r4, #232]
 428 00d8 43F48003 		orr	r3, r3, #4194304
 429 00dc C4F8E830 		str	r3, [r4, #232]
 183:Core/Src/i2c.c ****   /* USER CODE BEGIN I2C2_MspInit 1 */
 430              		.loc 1 183 5 view .LVU137
 431 00e0 D4F8E830 		ldr	r3, [r4, #232]
 432 00e4 03F48003 		and	r3, r3, #4194304
 433 00e8 0393     		str	r3, [sp, #12]
 183:Core/Src/i2c.c ****   /* USER CODE BEGIN I2C2_MspInit 1 */
 434              		.loc 1 183 5 view .LVU138
 435 00ea 039B     		ldr	r3, [sp, #12]
ARM GAS  C:\msys64\tmp\cckGaWVJ.s 			page 13


 436              	.LBE5:
 183:Core/Src/i2c.c ****   /* USER CODE BEGIN I2C2_MspInit 1 */
 437              		.loc 1 183 5 view .LVU139
 438              		.loc 1 188 1 is_stmt 0 view .LVU140
 439 00ec 9CE7     		b	.L21
 440              	.LVL25:
 441              	.L30:
 167:Core/Src/i2c.c ****     }
 442              		.loc 1 167 7 is_stmt 1 view .LVU141
 443 00ee FFF7FEFF 		bl	Error_Handler
 444              	.LVL26:
 445 00f2 D5E7     		b	.L25
 446              	.L32:
 447              		.align	2
 448              	.L31:
 449 00f4 00540040 		.word	1073763328
 450 00f8 00580040 		.word	1073764352
 451 00fc 00440258 		.word	1476543488
 452 0100 00040258 		.word	1476527104
 453 0104 00140258 		.word	1476531200
 454              		.cfi_endproc
 455              	.LFE149:
 457              		.section	.text.HAL_I2C_MspDeInit,"ax",%progbits
 458              		.align	1
 459              		.global	HAL_I2C_MspDeInit
 460              		.syntax unified
 461              		.thumb
 462              		.thumb_func
 464              	HAL_I2C_MspDeInit:
 465              	.LVL27:
 466              	.LFB150:
 189:Core/Src/i2c.c **** 
 190:Core/Src/i2c.c **** void HAL_I2C_MspDeInit(I2C_HandleTypeDef* i2cHandle)
 191:Core/Src/i2c.c **** {
 467              		.loc 1 191 1 view -0
 468              		.cfi_startproc
 469              		@ args = 0, pretend = 0, frame = 0
 470              		@ frame_needed = 0, uses_anonymous_args = 0
 471              		.loc 1 191 1 is_stmt 0 view .LVU143
 472 0000 10B5     		push	{r4, lr}
 473              	.LCFI6:
 474              		.cfi_def_cfa_offset 8
 475              		.cfi_offset 4, -8
 476              		.cfi_offset 14, -4
 192:Core/Src/i2c.c **** 
 193:Core/Src/i2c.c ****   if(i2cHandle->Instance==I2C1)
 477              		.loc 1 193 3 is_stmt 1 view .LVU144
 478              		.loc 1 193 15 is_stmt 0 view .LVU145
 479 0002 0368     		ldr	r3, [r0]
 480              		.loc 1 193 5 view .LVU146
 481 0004 144A     		ldr	r2, .L39
 482 0006 9342     		cmp	r3, r2
 483 0008 03D0     		beq	.L37
 194:Core/Src/i2c.c ****   {
 195:Core/Src/i2c.c ****   /* USER CODE BEGIN I2C1_MspDeInit 0 */
 196:Core/Src/i2c.c **** 
 197:Core/Src/i2c.c ****   /* USER CODE END I2C1_MspDeInit 0 */
ARM GAS  C:\msys64\tmp\cckGaWVJ.s 			page 14


 198:Core/Src/i2c.c ****     /* Peripheral clock disable */
 199:Core/Src/i2c.c ****     __HAL_RCC_I2C1_CLK_DISABLE();
 200:Core/Src/i2c.c **** 
 201:Core/Src/i2c.c ****     /**I2C1 GPIO Configuration
 202:Core/Src/i2c.c ****     PB6     ------> I2C1_SCL
 203:Core/Src/i2c.c ****     PB7     ------> I2C1_SDA
 204:Core/Src/i2c.c ****     */
 205:Core/Src/i2c.c ****     HAL_GPIO_DeInit(GPIOB, GPIO_PIN_6);
 206:Core/Src/i2c.c **** 
 207:Core/Src/i2c.c ****     HAL_GPIO_DeInit(GPIOB, GPIO_PIN_7);
 208:Core/Src/i2c.c **** 
 209:Core/Src/i2c.c ****   /* USER CODE BEGIN I2C1_MspDeInit 1 */
 210:Core/Src/i2c.c **** 
 211:Core/Src/i2c.c ****   /* USER CODE END I2C1_MspDeInit 1 */
 212:Core/Src/i2c.c ****   }
 213:Core/Src/i2c.c ****   else if(i2cHandle->Instance==I2C2)
 484              		.loc 1 213 8 is_stmt 1 view .LVU147
 485              		.loc 1 213 10 is_stmt 0 view .LVU148
 486 000a 144A     		ldr	r2, .L39+4
 487 000c 9342     		cmp	r3, r2
 488 000e 11D0     		beq	.L38
 489              	.LVL28:
 490              	.L33:
 214:Core/Src/i2c.c ****   {
 215:Core/Src/i2c.c ****   /* USER CODE BEGIN I2C2_MspDeInit 0 */
 216:Core/Src/i2c.c **** 
 217:Core/Src/i2c.c ****   /* USER CODE END I2C2_MspDeInit 0 */
 218:Core/Src/i2c.c ****     /* Peripheral clock disable */
 219:Core/Src/i2c.c ****     __HAL_RCC_I2C2_CLK_DISABLE();
 220:Core/Src/i2c.c **** 
 221:Core/Src/i2c.c ****     /**I2C2 GPIO Configuration
 222:Core/Src/i2c.c ****     PF0     ------> I2C2_SDA
 223:Core/Src/i2c.c ****     PF1     ------> I2C2_SCL
 224:Core/Src/i2c.c ****     */
 225:Core/Src/i2c.c ****     HAL_GPIO_DeInit(GPIOF, GPIO_PIN_0);
 226:Core/Src/i2c.c **** 
 227:Core/Src/i2c.c ****     HAL_GPIO_DeInit(GPIOF, GPIO_PIN_1);
 228:Core/Src/i2c.c **** 
 229:Core/Src/i2c.c ****   /* USER CODE BEGIN I2C2_MspDeInit 1 */
 230:Core/Src/i2c.c **** 
 231:Core/Src/i2c.c ****   /* USER CODE END I2C2_MspDeInit 1 */
 232:Core/Src/i2c.c ****   }
 233:Core/Src/i2c.c **** }
 491              		.loc 1 233 1 view .LVU149
 492 0010 10BD     		pop	{r4, pc}
 493              	.LVL29:
 494              	.L37:
 199:Core/Src/i2c.c **** 
 495              		.loc 1 199 5 is_stmt 1 view .LVU150
 496 0012 134A     		ldr	r2, .L39+8
 497 0014 D2F8E830 		ldr	r3, [r2, #232]
 498 0018 23F40013 		bic	r3, r3, #2097152
 499 001c C2F8E830 		str	r3, [r2, #232]
 205:Core/Src/i2c.c **** 
 500              		.loc 1 205 5 view .LVU151
 501 0020 104C     		ldr	r4, .L39+12
 502 0022 4021     		movs	r1, #64
ARM GAS  C:\msys64\tmp\cckGaWVJ.s 			page 15


 503 0024 2046     		mov	r0, r4
 504              	.LVL30:
 205:Core/Src/i2c.c **** 
 505              		.loc 1 205 5 is_stmt 0 view .LVU152
 506 0026 FFF7FEFF 		bl	HAL_GPIO_DeInit
 507              	.LVL31:
 207:Core/Src/i2c.c **** 
 508              		.loc 1 207 5 is_stmt 1 view .LVU153
 509 002a 8021     		movs	r1, #128
 510 002c 2046     		mov	r0, r4
 511 002e FFF7FEFF 		bl	HAL_GPIO_DeInit
 512              	.LVL32:
 513 0032 EDE7     		b	.L33
 514              	.LVL33:
 515              	.L38:
 219:Core/Src/i2c.c **** 
 516              		.loc 1 219 5 view .LVU154
 517 0034 0A4A     		ldr	r2, .L39+8
 518 0036 D2F8E830 		ldr	r3, [r2, #232]
 519 003a 23F48003 		bic	r3, r3, #4194304
 520 003e C2F8E830 		str	r3, [r2, #232]
 225:Core/Src/i2c.c **** 
 521              		.loc 1 225 5 view .LVU155
 522 0042 094C     		ldr	r4, .L39+16
 523 0044 0121     		movs	r1, #1
 524 0046 2046     		mov	r0, r4
 525              	.LVL34:
 225:Core/Src/i2c.c **** 
 526              		.loc 1 225 5 is_stmt 0 view .LVU156
 527 0048 FFF7FEFF 		bl	HAL_GPIO_DeInit
 528              	.LVL35:
 227:Core/Src/i2c.c **** 
 529              		.loc 1 227 5 is_stmt 1 view .LVU157
 530 004c 0221     		movs	r1, #2
 531 004e 2046     		mov	r0, r4
 532 0050 FFF7FEFF 		bl	HAL_GPIO_DeInit
 533              	.LVL36:
 534              		.loc 1 233 1 is_stmt 0 view .LVU158
 535 0054 DCE7     		b	.L33
 536              	.L40:
 537 0056 00BF     		.align	2
 538              	.L39:
 539 0058 00540040 		.word	1073763328
 540 005c 00580040 		.word	1073764352
 541 0060 00440258 		.word	1476543488
 542 0064 00040258 		.word	1476527104
 543 0068 00140258 		.word	1476531200
 544              		.cfi_endproc
 545              	.LFE150:
 547              		.global	hi2c2
 548              		.section	.bss.hi2c2,"aw",%nobits
 549              		.align	2
 552              	hi2c2:
 553 0000 00000000 		.space	84
 553      00000000 
 553      00000000 
 553      00000000 
ARM GAS  C:\msys64\tmp\cckGaWVJ.s 			page 16


 553      00000000 
 554              		.global	hi2c1
 555              		.section	.bss.hi2c1,"aw",%nobits
 556              		.align	2
 559              	hi2c1:
 560 0000 00000000 		.space	84
 560      00000000 
 560      00000000 
 560      00000000 
 560      00000000 
 561              		.text
 562              	.Letext0:
 563              		.file 2 "C:/Program Files (x86)/Arm GNU Toolchain arm-none-eabi/14.3 rel1/arm-none-eabi/include/ma
 564              		.file 3 "C:/Program Files (x86)/Arm GNU Toolchain arm-none-eabi/14.3 rel1/arm-none-eabi/include/sy
 565              		.file 4 "Drivers/CMSIS/Device/ST/STM32H7xx/Include/stm32h723xx.h"
 566              		.file 5 "Drivers/STM32H7xx_HAL_Driver/Inc/stm32h7xx_hal_def.h"
 567              		.file 6 "Drivers/STM32H7xx_HAL_Driver/Inc/stm32h7xx_hal_rcc_ex.h"
 568              		.file 7 "Drivers/STM32H7xx_HAL_Driver/Inc/stm32h7xx_hal_gpio.h"
 569              		.file 8 "Drivers/STM32H7xx_HAL_Driver/Inc/stm32h7xx_hal_dma.h"
 570              		.file 9 "Drivers/STM32H7xx_HAL_Driver/Inc/stm32h7xx_hal_i2c.h"
 571              		.file 10 "Core/Inc/i2c.h"
 572              		.file 11 "Drivers/STM32H7xx_HAL_Driver/Inc/stm32h7xx_hal_i2c_ex.h"
 573              		.file 12 "Core/Inc/main.h"
 574              		.file 13 "<built-in>"
ARM GAS  C:\msys64\tmp\cckGaWVJ.s 			page 17


DEFINED SYMBOLS
                            *ABS*:00000000 i2c.c
C:\msys64\tmp\cckGaWVJ.s:20     .text.MX_I2C1_Init:00000000 $t
C:\msys64\tmp\cckGaWVJ.s:26     .text.MX_I2C1_Init:00000000 MX_I2C1_Init
C:\msys64\tmp\cckGaWVJ.s:115    .text.MX_I2C1_Init:0000004c $d
C:\msys64\tmp\cckGaWVJ.s:559    .bss.hi2c1:00000000 hi2c1
C:\msys64\tmp\cckGaWVJ.s:122    .text.MX_I2C2_Init:00000000 $t
C:\msys64\tmp\cckGaWVJ.s:128    .text.MX_I2C2_Init:00000000 MX_I2C2_Init
C:\msys64\tmp\cckGaWVJ.s:217    .text.MX_I2C2_Init:0000004c $d
C:\msys64\tmp\cckGaWVJ.s:552    .bss.hi2c2:00000000 hi2c2
C:\msys64\tmp\cckGaWVJ.s:224    .text.HAL_I2C_MspInit:00000000 $t
C:\msys64\tmp\cckGaWVJ.s:230    .text.HAL_I2C_MspInit:00000000 HAL_I2C_MspInit
C:\msys64\tmp\cckGaWVJ.s:449    .text.HAL_I2C_MspInit:000000f4 $d
C:\msys64\tmp\cckGaWVJ.s:458    .text.HAL_I2C_MspDeInit:00000000 $t
C:\msys64\tmp\cckGaWVJ.s:464    .text.HAL_I2C_MspDeInit:00000000 HAL_I2C_MspDeInit
C:\msys64\tmp\cckGaWVJ.s:539    .text.HAL_I2C_MspDeInit:00000058 $d
C:\msys64\tmp\cckGaWVJ.s:549    .bss.hi2c2:00000000 $d
C:\msys64\tmp\cckGaWVJ.s:556    .bss.hi2c1:00000000 $d

UNDEFINED SYMBOLS
HAL_I2C_Init
HAL_I2CEx_ConfigAnalogFilter
HAL_I2CEx_ConfigDigitalFilter
Error_Handler
memset
HAL_RCCEx_PeriphCLKConfig
HAL_GPIO_Init
HAL_GPIO_DeInit
