ARM GAS  C:\msys64\tmp\cc7yOwqg.s 			page 1


   1              		.cpu cortex-m7
   2              		.arch armv7e-m
   3              		.fpu fpv5-d16
   4              		.eabi_attribute 28, 1
   5              		.eabi_attribute 20, 1
   6              		.eabi_attribute 21, 1
   7              		.eabi_attribute 23, 3
   8              		.eabi_attribute 24, 1
   9              		.eabi_attribute 25, 1
  10              		.eabi_attribute 26, 1
  11              		.eabi_attribute 30, 1
  12              		.eabi_attribute 34, 1
  13              		.eabi_attribute 18, 4
  14              		.file	"usart.c"
  15              		.text
  16              	.Ltext0:
  17              		.cfi_sections	.debug_frame
  18              		.file 1 "Core/Src/usart.c"
  19              		.section	.text.MX_UART4_Init,"ax",%progbits
  20              		.align	1
  21              		.global	MX_UART4_Init
  22              		.syntax unified
  23              		.thumb
  24              		.thumb_func
  26              	MX_UART4_Init:
  27              	.LFB147:
   1:Core/Src/usart.c **** /* USER CODE BEGIN Header */
   2:Core/Src/usart.c **** /**
   3:Core/Src/usart.c ****   ******************************************************************************
   4:Core/Src/usart.c ****   * @file    usart.c
   5:Core/Src/usart.c ****   * @brief   This file provides code for the configuration
   6:Core/Src/usart.c ****   *          of the USART instances.
   7:Core/Src/usart.c ****   ******************************************************************************
   8:Core/Src/usart.c ****   * @attention
   9:Core/Src/usart.c ****   *
  10:Core/Src/usart.c ****   * Copyright (c) 2025 STMicroelectronics.
  11:Core/Src/usart.c ****   * All rights reserved.
  12:Core/Src/usart.c ****   *
  13:Core/Src/usart.c ****   * This software is licensed under terms that can be found in the LICENSE file
  14:Core/Src/usart.c ****   * in the root directory of this software component.
  15:Core/Src/usart.c ****   * If no LICENSE file comes with this software, it is provided AS-IS.
  16:Core/Src/usart.c ****   *
  17:Core/Src/usart.c ****   ******************************************************************************
  18:Core/Src/usart.c ****   */
  19:Core/Src/usart.c **** /* USER CODE END Header */
  20:Core/Src/usart.c **** /* Includes ------------------------------------------------------------------*/
  21:Core/Src/usart.c **** #include "usart.h"
  22:Core/Src/usart.c **** 
  23:Core/Src/usart.c **** /* USER CODE BEGIN 0 */
  24:Core/Src/usart.c **** 
  25:Core/Src/usart.c **** /* USER CODE END 0 */
  26:Core/Src/usart.c **** 
  27:Core/Src/usart.c **** UART_HandleTypeDef huart4;
  28:Core/Src/usart.c **** UART_HandleTypeDef huart1;
  29:Core/Src/usart.c **** 
  30:Core/Src/usart.c **** /* UART4 init function */
  31:Core/Src/usart.c **** void MX_UART4_Init(void)
ARM GAS  C:\msys64\tmp\cc7yOwqg.s 			page 2


  32:Core/Src/usart.c **** {
  28              		.loc 1 32 1 view -0
  29              		.cfi_startproc
  30              		@ args = 0, pretend = 0, frame = 0
  31              		@ frame_needed = 0, uses_anonymous_args = 0
  32 0000 08B5     		push	{r3, lr}
  33              	.LCFI0:
  34              		.cfi_def_cfa_offset 8
  35              		.cfi_offset 3, -8
  36              		.cfi_offset 14, -4
  33:Core/Src/usart.c **** 
  34:Core/Src/usart.c ****   /* USER CODE BEGIN UART4_Init 0 */
  35:Core/Src/usart.c **** 
  36:Core/Src/usart.c ****   /* USER CODE END UART4_Init 0 */
  37:Core/Src/usart.c **** 
  38:Core/Src/usart.c ****   /* USER CODE BEGIN UART4_Init 1 */
  39:Core/Src/usart.c **** 
  40:Core/Src/usart.c ****   /* USER CODE END UART4_Init 1 */
  41:Core/Src/usart.c ****   huart4.Instance = UART4;
  37              		.loc 1 41 3 view .LVU1
  38              		.loc 1 41 19 is_stmt 0 view .LVU2
  39 0002 1748     		ldr	r0, .L11
  40 0004 174B     		ldr	r3, .L11+4
  41 0006 0360     		str	r3, [r0]
  42:Core/Src/usart.c ****   huart4.Init.BaudRate = 115200;
  42              		.loc 1 42 3 is_stmt 1 view .LVU3
  43              		.loc 1 42 24 is_stmt 0 view .LVU4
  44 0008 4FF4E133 		mov	r3, #115200
  45 000c 4360     		str	r3, [r0, #4]
  43:Core/Src/usart.c ****   huart4.Init.WordLength = UART_WORDLENGTH_8B;
  46              		.loc 1 43 3 is_stmt 1 view .LVU5
  47              		.loc 1 43 26 is_stmt 0 view .LVU6
  48 000e 0023     		movs	r3, #0
  49 0010 8360     		str	r3, [r0, #8]
  44:Core/Src/usart.c ****   huart4.Init.StopBits = UART_STOPBITS_1;
  50              		.loc 1 44 3 is_stmt 1 view .LVU7
  51              		.loc 1 44 24 is_stmt 0 view .LVU8
  52 0012 C360     		str	r3, [r0, #12]
  45:Core/Src/usart.c ****   huart4.Init.Parity = UART_PARITY_NONE;
  53              		.loc 1 45 3 is_stmt 1 view .LVU9
  54              		.loc 1 45 22 is_stmt 0 view .LVU10
  55 0014 0361     		str	r3, [r0, #16]
  46:Core/Src/usart.c ****   huart4.Init.Mode = UART_MODE_TX_RX;
  56              		.loc 1 46 3 is_stmt 1 view .LVU11
  57              		.loc 1 46 20 is_stmt 0 view .LVU12
  58 0016 0C22     		movs	r2, #12
  59 0018 4261     		str	r2, [r0, #20]
  47:Core/Src/usart.c ****   huart4.Init.HwFlowCtl = UART_HWCONTROL_NONE;
  60              		.loc 1 47 3 is_stmt 1 view .LVU13
  61              		.loc 1 47 25 is_stmt 0 view .LVU14
  62 001a 8361     		str	r3, [r0, #24]
  48:Core/Src/usart.c ****   huart4.Init.OverSampling = UART_OVERSAMPLING_16;
  63              		.loc 1 48 3 is_stmt 1 view .LVU15
  64              		.loc 1 48 28 is_stmt 0 view .LVU16
  65 001c C361     		str	r3, [r0, #28]
  49:Core/Src/usart.c ****   huart4.Init.OneBitSampling = UART_ONE_BIT_SAMPLE_DISABLE;
  66              		.loc 1 49 3 is_stmt 1 view .LVU17
ARM GAS  C:\msys64\tmp\cc7yOwqg.s 			page 3


  67              		.loc 1 49 30 is_stmt 0 view .LVU18
  68 001e 0362     		str	r3, [r0, #32]
  50:Core/Src/usart.c ****   huart4.Init.ClockPrescaler = UART_PRESCALER_DIV1;
  69              		.loc 1 50 3 is_stmt 1 view .LVU19
  70              		.loc 1 50 30 is_stmt 0 view .LVU20
  71 0020 4362     		str	r3, [r0, #36]
  51:Core/Src/usart.c ****   huart4.AdvancedInit.AdvFeatureInit = UART_ADVFEATURE_NO_INIT;
  72              		.loc 1 51 3 is_stmt 1 view .LVU21
  73              		.loc 1 51 38 is_stmt 0 view .LVU22
  74 0022 8362     		str	r3, [r0, #40]
  52:Core/Src/usart.c ****   if (HAL_UART_Init(&huart4) != HAL_OK)
  75              		.loc 1 52 3 is_stmt 1 view .LVU23
  76              		.loc 1 52 7 is_stmt 0 view .LVU24
  77 0024 FFF7FEFF 		bl	HAL_UART_Init
  78              	.LVL0:
  79              		.loc 1 52 6 discriminator 1 view .LVU25
  80 0028 70B9     		cbnz	r0, .L7
  81              	.L2:
  53:Core/Src/usart.c ****   {
  54:Core/Src/usart.c ****     Error_Handler();
  55:Core/Src/usart.c ****   }
  56:Core/Src/usart.c ****   if (HAL_UARTEx_SetTxFifoThreshold(&huart4, UART_TXFIFO_THRESHOLD_1_8) != HAL_OK)
  82              		.loc 1 56 3 is_stmt 1 view .LVU26
  83              		.loc 1 56 7 is_stmt 0 view .LVU27
  84 002a 0021     		movs	r1, #0
  85 002c 0C48     		ldr	r0, .L11
  86 002e FFF7FEFF 		bl	HAL_UARTEx_SetTxFifoThreshold
  87              	.LVL1:
  88              		.loc 1 56 6 discriminator 1 view .LVU28
  89 0032 60B9     		cbnz	r0, .L8
  90              	.L3:
  57:Core/Src/usart.c ****   {
  58:Core/Src/usart.c ****     Error_Handler();
  59:Core/Src/usart.c ****   }
  60:Core/Src/usart.c ****   if (HAL_UARTEx_SetRxFifoThreshold(&huart4, UART_RXFIFO_THRESHOLD_1_8) != HAL_OK)
  91              		.loc 1 60 3 is_stmt 1 view .LVU29
  92              		.loc 1 60 7 is_stmt 0 view .LVU30
  93 0034 0021     		movs	r1, #0
  94 0036 0A48     		ldr	r0, .L11
  95 0038 FFF7FEFF 		bl	HAL_UARTEx_SetRxFifoThreshold
  96              	.LVL2:
  97              		.loc 1 60 6 discriminator 1 view .LVU31
  98 003c 50B9     		cbnz	r0, .L9
  99              	.L4:
  61:Core/Src/usart.c ****   {
  62:Core/Src/usart.c ****     Error_Handler();
  63:Core/Src/usart.c ****   }
  64:Core/Src/usart.c ****   if (HAL_UARTEx_DisableFifoMode(&huart4) != HAL_OK)
 100              		.loc 1 64 3 is_stmt 1 view .LVU32
 101              		.loc 1 64 7 is_stmt 0 view .LVU33
 102 003e 0848     		ldr	r0, .L11
 103 0040 FFF7FEFF 		bl	HAL_UARTEx_DisableFifoMode
 104              	.LVL3:
 105              		.loc 1 64 6 discriminator 1 view .LVU34
 106 0044 48B9     		cbnz	r0, .L10
 107              	.L1:
  65:Core/Src/usart.c ****   {
ARM GAS  C:\msys64\tmp\cc7yOwqg.s 			page 4


  66:Core/Src/usart.c ****     Error_Handler();
  67:Core/Src/usart.c ****   }
  68:Core/Src/usart.c ****   /* USER CODE BEGIN UART4_Init 2 */
  69:Core/Src/usart.c **** 
  70:Core/Src/usart.c ****   /* USER CODE END UART4_Init 2 */
  71:Core/Src/usart.c **** 
  72:Core/Src/usart.c **** }
 108              		.loc 1 72 1 view .LVU35
 109 0046 08BD     		pop	{r3, pc}
 110              	.L7:
  54:Core/Src/usart.c ****   }
 111              		.loc 1 54 5 is_stmt 1 view .LVU36
 112 0048 FFF7FEFF 		bl	Error_Handler
 113              	.LVL4:
 114 004c EDE7     		b	.L2
 115              	.L8:
  58:Core/Src/usart.c ****   }
 116              		.loc 1 58 5 view .LVU37
 117 004e FFF7FEFF 		bl	Error_Handler
 118              	.LVL5:
 119 0052 EFE7     		b	.L3
 120              	.L9:
  62:Core/Src/usart.c ****   }
 121              		.loc 1 62 5 view .LVU38
 122 0054 FFF7FEFF 		bl	Error_Handler
 123              	.LVL6:
 124 0058 F1E7     		b	.L4
 125              	.L10:
  66:Core/Src/usart.c ****   }
 126              		.loc 1 66 5 view .LVU39
 127 005a FFF7FEFF 		bl	Error_Handler
 128              	.LVL7:
 129              		.loc 1 72 1 is_stmt 0 view .LVU40
 130 005e F2E7     		b	.L1
 131              	.L12:
 132              		.align	2
 133              	.L11:
 134 0060 00000000 		.word	huart4
 135 0064 004C0040 		.word	1073761280
 136              		.cfi_endproc
 137              	.LFE147:
 139              		.section	.text.MX_USART1_UART_Init,"ax",%progbits
 140              		.align	1
 141              		.global	MX_USART1_UART_Init
 142              		.syntax unified
 143              		.thumb
 144              		.thumb_func
 146              	MX_USART1_UART_Init:
 147              	.LFB148:
  73:Core/Src/usart.c **** /* USART1 init function */
  74:Core/Src/usart.c **** 
  75:Core/Src/usart.c **** void MX_USART1_UART_Init(void)
  76:Core/Src/usart.c **** {
 148              		.loc 1 76 1 is_stmt 1 view -0
 149              		.cfi_startproc
 150              		@ args = 0, pretend = 0, frame = 0
 151              		@ frame_needed = 0, uses_anonymous_args = 0
ARM GAS  C:\msys64\tmp\cc7yOwqg.s 			page 5


 152 0000 08B5     		push	{r3, lr}
 153              	.LCFI1:
 154              		.cfi_def_cfa_offset 8
 155              		.cfi_offset 3, -8
 156              		.cfi_offset 14, -4
  77:Core/Src/usart.c **** 
  78:Core/Src/usart.c ****   /* USER CODE BEGIN USART1_Init 0 */
  79:Core/Src/usart.c **** 
  80:Core/Src/usart.c ****   /* USER CODE END USART1_Init 0 */
  81:Core/Src/usart.c **** 
  82:Core/Src/usart.c ****   /* USER CODE BEGIN USART1_Init 1 */
  83:Core/Src/usart.c **** 
  84:Core/Src/usart.c ****   /* USER CODE END USART1_Init 1 */
  85:Core/Src/usart.c ****   huart1.Instance = USART1;
 157              		.loc 1 85 3 view .LVU42
 158              		.loc 1 85 19 is_stmt 0 view .LVU43
 159 0002 1748     		ldr	r0, .L23
 160 0004 174B     		ldr	r3, .L23+4
 161 0006 0360     		str	r3, [r0]
  86:Core/Src/usart.c ****   huart1.Init.BaudRate = 115200;
 162              		.loc 1 86 3 is_stmt 1 view .LVU44
 163              		.loc 1 86 24 is_stmt 0 view .LVU45
 164 0008 4FF4E133 		mov	r3, #115200
 165 000c 4360     		str	r3, [r0, #4]
  87:Core/Src/usart.c ****   huart1.Init.WordLength = UART_WORDLENGTH_8B;
 166              		.loc 1 87 3 is_stmt 1 view .LVU46
 167              		.loc 1 87 26 is_stmt 0 view .LVU47
 168 000e 0023     		movs	r3, #0
 169 0010 8360     		str	r3, [r0, #8]
  88:Core/Src/usart.c ****   huart1.Init.StopBits = UART_STOPBITS_1;
 170              		.loc 1 88 3 is_stmt 1 view .LVU48
 171              		.loc 1 88 24 is_stmt 0 view .LVU49
 172 0012 C360     		str	r3, [r0, #12]
  89:Core/Src/usart.c ****   huart1.Init.Parity = UART_PARITY_NONE;
 173              		.loc 1 89 3 is_stmt 1 view .LVU50
 174              		.loc 1 89 22 is_stmt 0 view .LVU51
 175 0014 0361     		str	r3, [r0, #16]
  90:Core/Src/usart.c ****   huart1.Init.Mode = UART_MODE_TX_RX;
 176              		.loc 1 90 3 is_stmt 1 view .LVU52
 177              		.loc 1 90 20 is_stmt 0 view .LVU53
 178 0016 0C22     		movs	r2, #12
 179 0018 4261     		str	r2, [r0, #20]
  91:Core/Src/usart.c ****   huart1.Init.HwFlowCtl = UART_HWCONTROL_NONE;
 180              		.loc 1 91 3 is_stmt 1 view .LVU54
 181              		.loc 1 91 25 is_stmt 0 view .LVU55
 182 001a 8361     		str	r3, [r0, #24]
  92:Core/Src/usart.c ****   huart1.Init.OverSampling = UART_OVERSAMPLING_16;
 183              		.loc 1 92 3 is_stmt 1 view .LVU56
 184              		.loc 1 92 28 is_stmt 0 view .LVU57
 185 001c C361     		str	r3, [r0, #28]
  93:Core/Src/usart.c ****   huart1.Init.OneBitSampling = UART_ONE_BIT_SAMPLE_DISABLE;
 186              		.loc 1 93 3 is_stmt 1 view .LVU58
 187              		.loc 1 93 30 is_stmt 0 view .LVU59
 188 001e 0362     		str	r3, [r0, #32]
  94:Core/Src/usart.c ****   huart1.Init.ClockPrescaler = UART_PRESCALER_DIV1;
 189              		.loc 1 94 3 is_stmt 1 view .LVU60
 190              		.loc 1 94 30 is_stmt 0 view .LVU61
ARM GAS  C:\msys64\tmp\cc7yOwqg.s 			page 6


 191 0020 4362     		str	r3, [r0, #36]
  95:Core/Src/usart.c ****   huart1.AdvancedInit.AdvFeatureInit = UART_ADVFEATURE_NO_INIT;
 192              		.loc 1 95 3 is_stmt 1 view .LVU62
 193              		.loc 1 95 38 is_stmt 0 view .LVU63
 194 0022 8362     		str	r3, [r0, #40]
  96:Core/Src/usart.c ****   if (HAL_UART_Init(&huart1) != HAL_OK)
 195              		.loc 1 96 3 is_stmt 1 view .LVU64
 196              		.loc 1 96 7 is_stmt 0 view .LVU65
 197 0024 FFF7FEFF 		bl	HAL_UART_Init
 198              	.LVL8:
 199              		.loc 1 96 6 discriminator 1 view .LVU66
 200 0028 70B9     		cbnz	r0, .L19
 201              	.L14:
  97:Core/Src/usart.c ****   {
  98:Core/Src/usart.c ****     Error_Handler();
  99:Core/Src/usart.c ****   }
 100:Core/Src/usart.c ****   if (HAL_UARTEx_SetTxFifoThreshold(&huart1, UART_TXFIFO_THRESHOLD_1_8) != HAL_OK)
 202              		.loc 1 100 3 is_stmt 1 view .LVU67
 203              		.loc 1 100 7 is_stmt 0 view .LVU68
 204 002a 0021     		movs	r1, #0
 205 002c 0C48     		ldr	r0, .L23
 206 002e FFF7FEFF 		bl	HAL_UARTEx_SetTxFifoThreshold
 207              	.LVL9:
 208              		.loc 1 100 6 discriminator 1 view .LVU69
 209 0032 60B9     		cbnz	r0, .L20
 210              	.L15:
 101:Core/Src/usart.c ****   {
 102:Core/Src/usart.c ****     Error_Handler();
 103:Core/Src/usart.c ****   }
 104:Core/Src/usart.c ****   if (HAL_UARTEx_SetRxFifoThreshold(&huart1, UART_RXFIFO_THRESHOLD_1_8) != HAL_OK)
 211              		.loc 1 104 3 is_stmt 1 view .LVU70
 212              		.loc 1 104 7 is_stmt 0 view .LVU71
 213 0034 0021     		movs	r1, #0
 214 0036 0A48     		ldr	r0, .L23
 215 0038 FFF7FEFF 		bl	HAL_UARTEx_SetRxFifoThreshold
 216              	.LVL10:
 217              		.loc 1 104 6 discriminator 1 view .LVU72
 218 003c 50B9     		cbnz	r0, .L21
 219              	.L16:
 105:Core/Src/usart.c ****   {
 106:Core/Src/usart.c ****     Error_Handler();
 107:Core/Src/usart.c ****   }
 108:Core/Src/usart.c ****   if (HAL_UARTEx_DisableFifoMode(&huart1) != HAL_OK)
 220              		.loc 1 108 3 is_stmt 1 view .LVU73
 221              		.loc 1 108 7 is_stmt 0 view .LVU74
 222 003e 0848     		ldr	r0, .L23
 223 0040 FFF7FEFF 		bl	HAL_UARTEx_DisableFifoMode
 224              	.LVL11:
 225              		.loc 1 108 6 discriminator 1 view .LVU75
 226 0044 48B9     		cbnz	r0, .L22
 227              	.L13:
 109:Core/Src/usart.c ****   {
 110:Core/Src/usart.c ****     Error_Handler();
 111:Core/Src/usart.c ****   }
 112:Core/Src/usart.c ****   /* USER CODE BEGIN USART1_Init 2 */
 113:Core/Src/usart.c **** 
 114:Core/Src/usart.c ****   /* USER CODE END USART1_Init 2 */
ARM GAS  C:\msys64\tmp\cc7yOwqg.s 			page 7


 115:Core/Src/usart.c **** 
 116:Core/Src/usart.c **** }
 228              		.loc 1 116 1 view .LVU76
 229 0046 08BD     		pop	{r3, pc}
 230              	.L19:
  98:Core/Src/usart.c ****   }
 231              		.loc 1 98 5 is_stmt 1 view .LVU77
 232 0048 FFF7FEFF 		bl	Error_Handler
 233              	.LVL12:
 234 004c EDE7     		b	.L14
 235              	.L20:
 102:Core/Src/usart.c ****   }
 236              		.loc 1 102 5 view .LVU78
 237 004e FFF7FEFF 		bl	Error_Handler
 238              	.LVL13:
 239 0052 EFE7     		b	.L15
 240              	.L21:
 106:Core/Src/usart.c ****   }
 241              		.loc 1 106 5 view .LVU79
 242 0054 FFF7FEFF 		bl	Error_Handler
 243              	.LVL14:
 244 0058 F1E7     		b	.L16
 245              	.L22:
 110:Core/Src/usart.c ****   }
 246              		.loc 1 110 5 view .LVU80
 247 005a FFF7FEFF 		bl	Error_Handler
 248              	.LVL15:
 249              		.loc 1 116 1 is_stmt 0 view .LVU81
 250 005e F2E7     		b	.L13
 251              	.L24:
 252              		.align	2
 253              	.L23:
 254 0060 00000000 		.word	huart1
 255 0064 00100140 		.word	1073811456
 256              		.cfi_endproc
 257              	.LFE148:
 259              		.section	.text.HAL_UART_MspInit,"ax",%progbits
 260              		.align	1
 261              		.global	HAL_UART_MspInit
 262              		.syntax unified
 263              		.thumb
 264              		.thumb_func
 266              	HAL_UART_MspInit:
 267              	.LVL16:
 268              	.LFB149:
 117:Core/Src/usart.c **** 
 118:Core/Src/usart.c **** void HAL_UART_MspInit(UART_HandleTypeDef* uartHandle)
 119:Core/Src/usart.c **** {
 269              		.loc 1 119 1 is_stmt 1 view -0
 270              		.cfi_startproc
 271              		@ args = 0, pretend = 0, frame = 232
 272              		@ frame_needed = 0, uses_anonymous_args = 0
 273              		.loc 1 119 1 is_stmt 0 view .LVU83
 274 0000 70B5     		push	{r4, r5, r6, lr}
 275              	.LCFI2:
 276              		.cfi_def_cfa_offset 16
 277              		.cfi_offset 4, -16
ARM GAS  C:\msys64\tmp\cc7yOwqg.s 			page 8


 278              		.cfi_offset 5, -12
 279              		.cfi_offset 6, -8
 280              		.cfi_offset 14, -4
 281 0002 BAB0     		sub	sp, sp, #232
 282              	.LCFI3:
 283              		.cfi_def_cfa_offset 248
 284 0004 0446     		mov	r4, r0
 120:Core/Src/usart.c **** 
 121:Core/Src/usart.c ****   GPIO_InitTypeDef GPIO_InitStruct = {0};
 285              		.loc 1 121 3 is_stmt 1 view .LVU84
 286              		.loc 1 121 20 is_stmt 0 view .LVU85
 287 0006 0021     		movs	r1, #0
 288 0008 3591     		str	r1, [sp, #212]
 289 000a 3691     		str	r1, [sp, #216]
 290 000c 3791     		str	r1, [sp, #220]
 291 000e 3891     		str	r1, [sp, #224]
 292 0010 3991     		str	r1, [sp, #228]
 122:Core/Src/usart.c ****   RCC_PeriphCLKInitTypeDef PeriphClkInitStruct = {0};
 293              		.loc 1 122 3 is_stmt 1 view .LVU86
 294              		.loc 1 122 28 is_stmt 0 view .LVU87
 295 0012 B822     		movs	r2, #184
 296 0014 06A8     		add	r0, sp, #24
 297              	.LVL17:
 298              		.loc 1 122 28 view .LVU88
 299 0016 FFF7FEFF 		bl	memset
 300              	.LVL18:
 123:Core/Src/usart.c ****   if(uartHandle->Instance==UART4)
 301              		.loc 1 123 3 is_stmt 1 view .LVU89
 302              		.loc 1 123 16 is_stmt 0 view .LVU90
 303 001a 2368     		ldr	r3, [r4]
 304              		.loc 1 123 5 view .LVU91
 305 001c 434A     		ldr	r2, .L35
 306 001e 9342     		cmp	r3, r2
 307 0020 04D0     		beq	.L31
 124:Core/Src/usart.c ****   {
 125:Core/Src/usart.c ****   /* USER CODE BEGIN UART4_MspInit 0 */
 126:Core/Src/usart.c **** 
 127:Core/Src/usart.c ****   /* USER CODE END UART4_MspInit 0 */
 128:Core/Src/usart.c **** 
 129:Core/Src/usart.c ****   /** Initializes the peripherals clock
 130:Core/Src/usart.c ****   */
 131:Core/Src/usart.c ****     PeriphClkInitStruct.PeriphClockSelection = RCC_PERIPHCLK_UART4;
 132:Core/Src/usart.c ****     PeriphClkInitStruct.Usart234578ClockSelection = RCC_USART234578CLKSOURCE_D2PCLK1;
 133:Core/Src/usart.c ****     if (HAL_RCCEx_PeriphCLKConfig(&PeriphClkInitStruct) != HAL_OK)
 134:Core/Src/usart.c ****     {
 135:Core/Src/usart.c ****       Error_Handler();
 136:Core/Src/usart.c ****     }
 137:Core/Src/usart.c **** 
 138:Core/Src/usart.c ****     /* UART4 clock enable */
 139:Core/Src/usart.c ****     __HAL_RCC_UART4_CLK_ENABLE();
 140:Core/Src/usart.c **** 
 141:Core/Src/usart.c ****     __HAL_RCC_GPIOA_CLK_ENABLE();
 142:Core/Src/usart.c ****     /**UART4 GPIO Configuration
 143:Core/Src/usart.c ****     PA0     ------> UART4_TX
 144:Core/Src/usart.c ****     PA1     ------> UART4_RX
 145:Core/Src/usart.c ****     */
 146:Core/Src/usart.c ****     GPIO_InitStruct.Pin = GPIO_PIN_0|GPIO_PIN_1;
ARM GAS  C:\msys64\tmp\cc7yOwqg.s 			page 9


 147:Core/Src/usart.c ****     GPIO_InitStruct.Mode = GPIO_MODE_AF_PP;
 148:Core/Src/usart.c ****     GPIO_InitStruct.Pull = GPIO_NOPULL;
 149:Core/Src/usart.c ****     GPIO_InitStruct.Speed = GPIO_SPEED_FREQ_LOW;
 150:Core/Src/usart.c ****     GPIO_InitStruct.Alternate = GPIO_AF8_UART4;
 151:Core/Src/usart.c ****     HAL_GPIO_Init(GPIOA, &GPIO_InitStruct);
 152:Core/Src/usart.c **** 
 153:Core/Src/usart.c ****   /* USER CODE BEGIN UART4_MspInit 1 */
 154:Core/Src/usart.c **** 
 155:Core/Src/usart.c ****   /* USER CODE END UART4_MspInit 1 */
 156:Core/Src/usart.c ****   }
 157:Core/Src/usart.c ****   else if(uartHandle->Instance==USART1)
 308              		.loc 1 157 8 is_stmt 1 view .LVU92
 309              		.loc 1 157 10 is_stmt 0 view .LVU93
 310 0022 434A     		ldr	r2, .L35+4
 311 0024 9342     		cmp	r3, r2
 312 0026 33D0     		beq	.L32
 313              	.LVL19:
 314              	.L25:
 158:Core/Src/usart.c ****   {
 159:Core/Src/usart.c ****   /* USER CODE BEGIN USART1_MspInit 0 */
 160:Core/Src/usart.c **** 
 161:Core/Src/usart.c ****   /* USER CODE END USART1_MspInit 0 */
 162:Core/Src/usart.c **** 
 163:Core/Src/usart.c ****   /** Initializes the peripherals clock
 164:Core/Src/usart.c ****   */
 165:Core/Src/usart.c ****     PeriphClkInitStruct.PeriphClockSelection = RCC_PERIPHCLK_USART1;
 166:Core/Src/usart.c ****     PeriphClkInitStruct.Usart16ClockSelection = RCC_USART16910CLKSOURCE_D2PCLK2;
 167:Core/Src/usart.c ****     if (HAL_RCCEx_PeriphCLKConfig(&PeriphClkInitStruct) != HAL_OK)
 168:Core/Src/usart.c ****     {
 169:Core/Src/usart.c ****       Error_Handler();
 170:Core/Src/usart.c ****     }
 171:Core/Src/usart.c **** 
 172:Core/Src/usart.c ****     /* USART1 clock enable */
 173:Core/Src/usart.c ****     __HAL_RCC_USART1_CLK_ENABLE();
 174:Core/Src/usart.c **** 
 175:Core/Src/usart.c ****     __HAL_RCC_GPIOB_CLK_ENABLE();
 176:Core/Src/usart.c ****     __HAL_RCC_GPIOA_CLK_ENABLE();
 177:Core/Src/usart.c ****     /**USART1 GPIO Configuration
 178:Core/Src/usart.c ****     PB15     ------> USART1_RX
 179:Core/Src/usart.c ****     PA9     ------> USART1_TX
 180:Core/Src/usart.c ****     */
 181:Core/Src/usart.c ****     GPIO_InitStruct.Pin = GPIO_PIN_15;
 182:Core/Src/usart.c ****     GPIO_InitStruct.Mode = GPIO_MODE_AF_PP;
 183:Core/Src/usart.c ****     GPIO_InitStruct.Pull = GPIO_NOPULL;
 184:Core/Src/usart.c ****     GPIO_InitStruct.Speed = GPIO_SPEED_FREQ_LOW;
 185:Core/Src/usart.c ****     GPIO_InitStruct.Alternate = GPIO_AF4_USART1;
 186:Core/Src/usart.c ****     HAL_GPIO_Init(GPIOB, &GPIO_InitStruct);
 187:Core/Src/usart.c **** 
 188:Core/Src/usart.c ****     GPIO_InitStruct.Pin = GPIO_PIN_9;
 189:Core/Src/usart.c ****     GPIO_InitStruct.Mode = GPIO_MODE_AF_PP;
 190:Core/Src/usart.c ****     GPIO_InitStruct.Pull = GPIO_NOPULL;
 191:Core/Src/usart.c ****     GPIO_InitStruct.Speed = GPIO_SPEED_FREQ_LOW;
 192:Core/Src/usart.c ****     GPIO_InitStruct.Alternate = GPIO_AF7_USART1;
 193:Core/Src/usart.c ****     HAL_GPIO_Init(GPIOA, &GPIO_InitStruct);
 194:Core/Src/usart.c **** 
 195:Core/Src/usart.c ****   /* USER CODE BEGIN USART1_MspInit 1 */
 196:Core/Src/usart.c **** 
ARM GAS  C:\msys64\tmp\cc7yOwqg.s 			page 10


 197:Core/Src/usart.c ****   /* USER CODE END USART1_MspInit 1 */
 198:Core/Src/usart.c ****   }
 199:Core/Src/usart.c **** }
 315              		.loc 1 199 1 view .LVU94
 316 0028 3AB0     		add	sp, sp, #232
 317              	.LCFI4:
 318              		.cfi_remember_state
 319              		.cfi_def_cfa_offset 16
 320              		@ sp needed
 321 002a 70BD     		pop	{r4, r5, r6, pc}
 322              	.LVL20:
 323              	.L31:
 324              	.LCFI5:
 325              		.cfi_restore_state
 131:Core/Src/usart.c ****     PeriphClkInitStruct.Usart234578ClockSelection = RCC_USART234578CLKSOURCE_D2PCLK1;
 326              		.loc 1 131 5 is_stmt 1 view .LVU95
 131:Core/Src/usart.c ****     PeriphClkInitStruct.Usart234578ClockSelection = RCC_USART234578CLKSOURCE_D2PCLK1;
 327              		.loc 1 131 46 is_stmt 0 view .LVU96
 328 002c 0222     		movs	r2, #2
 329 002e 0023     		movs	r3, #0
 330 0030 CDE90623 		strd	r2, [sp, #24]
 132:Core/Src/usart.c ****     if (HAL_RCCEx_PeriphCLKConfig(&PeriphClkInitStruct) != HAL_OK)
 331              		.loc 1 132 5 is_stmt 1 view .LVU97
 133:Core/Src/usart.c ****     {
 332              		.loc 1 133 5 view .LVU98
 133:Core/Src/usart.c ****     {
 333              		.loc 1 133 9 is_stmt 0 view .LVU99
 334 0034 06A8     		add	r0, sp, #24
 335 0036 FFF7FEFF 		bl	HAL_RCCEx_PeriphCLKConfig
 336              	.LVL21:
 133:Core/Src/usart.c ****     {
 337              		.loc 1 133 8 discriminator 1 view .LVU100
 338 003a 30BB     		cbnz	r0, .L33
 339              	.L27:
 139:Core/Src/usart.c **** 
 340              		.loc 1 139 5 is_stmt 1 view .LVU101
 341              	.LBB2:
 139:Core/Src/usart.c **** 
 342              		.loc 1 139 5 view .LVU102
 139:Core/Src/usart.c **** 
 343              		.loc 1 139 5 view .LVU103
 344 003c 3D4B     		ldr	r3, .L35+8
 345 003e D3F8E820 		ldr	r2, [r3, #232]
 346 0042 42F40022 		orr	r2, r2, #524288
 347 0046 C3F8E820 		str	r2, [r3, #232]
 139:Core/Src/usart.c **** 
 348              		.loc 1 139 5 view .LVU104
 349 004a D3F8E820 		ldr	r2, [r3, #232]
 350 004e 02F40022 		and	r2, r2, #524288
 351 0052 0192     		str	r2, [sp, #4]
 139:Core/Src/usart.c **** 
 352              		.loc 1 139 5 view .LVU105
 353 0054 019A     		ldr	r2, [sp, #4]
 354              	.LBE2:
 139:Core/Src/usart.c **** 
 355              		.loc 1 139 5 view .LVU106
 141:Core/Src/usart.c ****     /**UART4 GPIO Configuration
ARM GAS  C:\msys64\tmp\cc7yOwqg.s 			page 11


 356              		.loc 1 141 5 view .LVU107
 357              	.LBB3:
 141:Core/Src/usart.c ****     /**UART4 GPIO Configuration
 358              		.loc 1 141 5 view .LVU108
 141:Core/Src/usart.c ****     /**UART4 GPIO Configuration
 359              		.loc 1 141 5 view .LVU109
 360 0056 D3F8E020 		ldr	r2, [r3, #224]
 361 005a 42F00102 		orr	r2, r2, #1
 362 005e C3F8E020 		str	r2, [r3, #224]
 141:Core/Src/usart.c ****     /**UART4 GPIO Configuration
 363              		.loc 1 141 5 view .LVU110
 364 0062 D3F8E030 		ldr	r3, [r3, #224]
 365 0066 03F00103 		and	r3, r3, #1
 366 006a 0293     		str	r3, [sp, #8]
 141:Core/Src/usart.c ****     /**UART4 GPIO Configuration
 367              		.loc 1 141 5 view .LVU111
 368 006c 029B     		ldr	r3, [sp, #8]
 369              	.LBE3:
 141:Core/Src/usart.c ****     /**UART4 GPIO Configuration
 370              		.loc 1 141 5 view .LVU112
 146:Core/Src/usart.c ****     GPIO_InitStruct.Mode = GPIO_MODE_AF_PP;
 371              		.loc 1 146 5 view .LVU113
 146:Core/Src/usart.c ****     GPIO_InitStruct.Mode = GPIO_MODE_AF_PP;
 372              		.loc 1 146 25 is_stmt 0 view .LVU114
 373 006e 0323     		movs	r3, #3
 374 0070 3593     		str	r3, [sp, #212]
 147:Core/Src/usart.c ****     GPIO_InitStruct.Pull = GPIO_NOPULL;
 375              		.loc 1 147 5 is_stmt 1 view .LVU115
 147:Core/Src/usart.c ****     GPIO_InitStruct.Pull = GPIO_NOPULL;
 376              		.loc 1 147 26 is_stmt 0 view .LVU116
 377 0072 0223     		movs	r3, #2
 378 0074 3693     		str	r3, [sp, #216]
 148:Core/Src/usart.c ****     GPIO_InitStruct.Speed = GPIO_SPEED_FREQ_LOW;
 379              		.loc 1 148 5 is_stmt 1 view .LVU117
 148:Core/Src/usart.c ****     GPIO_InitStruct.Speed = GPIO_SPEED_FREQ_LOW;
 380              		.loc 1 148 26 is_stmt 0 view .LVU118
 381 0076 0023     		movs	r3, #0
 382 0078 3793     		str	r3, [sp, #220]
 149:Core/Src/usart.c ****     GPIO_InitStruct.Alternate = GPIO_AF8_UART4;
 383              		.loc 1 149 5 is_stmt 1 view .LVU119
 149:Core/Src/usart.c ****     GPIO_InitStruct.Alternate = GPIO_AF8_UART4;
 384              		.loc 1 149 27 is_stmt 0 view .LVU120
 385 007a 3893     		str	r3, [sp, #224]
 150:Core/Src/usart.c ****     HAL_GPIO_Init(GPIOA, &GPIO_InitStruct);
 386              		.loc 1 150 5 is_stmt 1 view .LVU121
 150:Core/Src/usart.c ****     HAL_GPIO_Init(GPIOA, &GPIO_InitStruct);
 387              		.loc 1 150 31 is_stmt 0 view .LVU122
 388 007c 0823     		movs	r3, #8
 389 007e 3993     		str	r3, [sp, #228]
 151:Core/Src/usart.c **** 
 390              		.loc 1 151 5 is_stmt 1 view .LVU123
 391 0080 35A9     		add	r1, sp, #212
 392 0082 2D48     		ldr	r0, .L35+12
 393 0084 FFF7FEFF 		bl	HAL_GPIO_Init
 394              	.LVL22:
 395 0088 CEE7     		b	.L25
 396              	.L33:
ARM GAS  C:\msys64\tmp\cc7yOwqg.s 			page 12


 135:Core/Src/usart.c ****     }
 397              		.loc 1 135 7 view .LVU124
 398 008a FFF7FEFF 		bl	Error_Handler
 399              	.LVL23:
 400 008e D5E7     		b	.L27
 401              	.L32:
 165:Core/Src/usart.c ****     PeriphClkInitStruct.Usart16ClockSelection = RCC_USART16910CLKSOURCE_D2PCLK2;
 402              		.loc 1 165 5 view .LVU125
 165:Core/Src/usart.c ****     PeriphClkInitStruct.Usart16ClockSelection = RCC_USART16910CLKSOURCE_D2PCLK2;
 403              		.loc 1 165 46 is_stmt 0 view .LVU126
 404 0090 0122     		movs	r2, #1
 405 0092 0023     		movs	r3, #0
 406 0094 CDE90623 		strd	r2, [sp, #24]
 166:Core/Src/usart.c ****     if (HAL_RCCEx_PeriphCLKConfig(&PeriphClkInitStruct) != HAL_OK)
 407              		.loc 1 166 5 is_stmt 1 view .LVU127
 167:Core/Src/usart.c ****     {
 408              		.loc 1 167 5 view .LVU128
 167:Core/Src/usart.c ****     {
 409              		.loc 1 167 9 is_stmt 0 view .LVU129
 410 0098 06A8     		add	r0, sp, #24
 411 009a FFF7FEFF 		bl	HAL_RCCEx_PeriphCLKConfig
 412              	.LVL24:
 167:Core/Src/usart.c ****     {
 413              		.loc 1 167 8 discriminator 1 view .LVU130
 414 009e 0028     		cmp	r0, #0
 415 00a0 40D1     		bne	.L34
 416              	.L29:
 173:Core/Src/usart.c **** 
 417              		.loc 1 173 5 is_stmt 1 view .LVU131
 418              	.LBB4:
 173:Core/Src/usart.c **** 
 419              		.loc 1 173 5 view .LVU132
 173:Core/Src/usart.c **** 
 420              		.loc 1 173 5 view .LVU133
 421 00a2 244B     		ldr	r3, .L35+8
 422 00a4 D3F8F020 		ldr	r2, [r3, #240]
 423 00a8 42F01002 		orr	r2, r2, #16
 424 00ac C3F8F020 		str	r2, [r3, #240]
 173:Core/Src/usart.c **** 
 425              		.loc 1 173 5 view .LVU134
 426 00b0 D3F8F020 		ldr	r2, [r3, #240]
 427 00b4 02F01002 		and	r2, r2, #16
 428 00b8 0392     		str	r2, [sp, #12]
 173:Core/Src/usart.c **** 
 429              		.loc 1 173 5 view .LVU135
 430 00ba 039A     		ldr	r2, [sp, #12]
 431              	.LBE4:
 173:Core/Src/usart.c **** 
 432              		.loc 1 173 5 view .LVU136
 175:Core/Src/usart.c ****     __HAL_RCC_GPIOA_CLK_ENABLE();
 433              		.loc 1 175 5 view .LVU137
 434              	.LBB5:
 175:Core/Src/usart.c ****     __HAL_RCC_GPIOA_CLK_ENABLE();
 435              		.loc 1 175 5 view .LVU138
 175:Core/Src/usart.c ****     __HAL_RCC_GPIOA_CLK_ENABLE();
 436              		.loc 1 175 5 view .LVU139
 437 00bc D3F8E020 		ldr	r2, [r3, #224]
ARM GAS  C:\msys64\tmp\cc7yOwqg.s 			page 13


 438 00c0 42F00202 		orr	r2, r2, #2
 439 00c4 C3F8E020 		str	r2, [r3, #224]
 175:Core/Src/usart.c ****     __HAL_RCC_GPIOA_CLK_ENABLE();
 440              		.loc 1 175 5 view .LVU140
 441 00c8 D3F8E020 		ldr	r2, [r3, #224]
 442 00cc 02F00202 		and	r2, r2, #2
 443 00d0 0492     		str	r2, [sp, #16]
 175:Core/Src/usart.c ****     __HAL_RCC_GPIOA_CLK_ENABLE();
 444              		.loc 1 175 5 view .LVU141
 445 00d2 049A     		ldr	r2, [sp, #16]
 446              	.LBE5:
 175:Core/Src/usart.c ****     __HAL_RCC_GPIOA_CLK_ENABLE();
 447              		.loc 1 175 5 view .LVU142
 176:Core/Src/usart.c ****     /**USART1 GPIO Configuration
 448              		.loc 1 176 5 view .LVU143
 449              	.LBB6:
 176:Core/Src/usart.c ****     /**USART1 GPIO Configuration
 450              		.loc 1 176 5 view .LVU144
 176:Core/Src/usart.c ****     /**USART1 GPIO Configuration
 451              		.loc 1 176 5 view .LVU145
 452 00d4 D3F8E020 		ldr	r2, [r3, #224]
 453 00d8 42F00102 		orr	r2, r2, #1
 454 00dc C3F8E020 		str	r2, [r3, #224]
 176:Core/Src/usart.c ****     /**USART1 GPIO Configuration
 455              		.loc 1 176 5 view .LVU146
 456 00e0 D3F8E030 		ldr	r3, [r3, #224]
 457 00e4 03F00103 		and	r3, r3, #1
 458 00e8 0593     		str	r3, [sp, #20]
 176:Core/Src/usart.c ****     /**USART1 GPIO Configuration
 459              		.loc 1 176 5 view .LVU147
 460 00ea 059B     		ldr	r3, [sp, #20]
 461              	.LBE6:
 176:Core/Src/usart.c ****     /**USART1 GPIO Configuration
 462              		.loc 1 176 5 view .LVU148
 181:Core/Src/usart.c ****     GPIO_InitStruct.Mode = GPIO_MODE_AF_PP;
 463              		.loc 1 181 5 view .LVU149
 181:Core/Src/usart.c ****     GPIO_InitStruct.Mode = GPIO_MODE_AF_PP;
 464              		.loc 1 181 25 is_stmt 0 view .LVU150
 465 00ec 4FF40043 		mov	r3, #32768
 466 00f0 3593     		str	r3, [sp, #212]
 182:Core/Src/usart.c ****     GPIO_InitStruct.Pull = GPIO_NOPULL;
 467              		.loc 1 182 5 is_stmt 1 view .LVU151
 182:Core/Src/usart.c ****     GPIO_InitStruct.Pull = GPIO_NOPULL;
 468              		.loc 1 182 26 is_stmt 0 view .LVU152
 469 00f2 0226     		movs	r6, #2
 470 00f4 3696     		str	r6, [sp, #216]
 183:Core/Src/usart.c ****     GPIO_InitStruct.Speed = GPIO_SPEED_FREQ_LOW;
 471              		.loc 1 183 5 is_stmt 1 view .LVU153
 183:Core/Src/usart.c ****     GPIO_InitStruct.Speed = GPIO_SPEED_FREQ_LOW;
 472              		.loc 1 183 26 is_stmt 0 view .LVU154
 473 00f6 0024     		movs	r4, #0
 474              	.LVL25:
 183:Core/Src/usart.c ****     GPIO_InitStruct.Speed = GPIO_SPEED_FREQ_LOW;
 475              		.loc 1 183 26 view .LVU155
 476 00f8 3794     		str	r4, [sp, #220]
 184:Core/Src/usart.c ****     GPIO_InitStruct.Alternate = GPIO_AF4_USART1;
 477              		.loc 1 184 5 is_stmt 1 view .LVU156
ARM GAS  C:\msys64\tmp\cc7yOwqg.s 			page 14


 184:Core/Src/usart.c ****     GPIO_InitStruct.Alternate = GPIO_AF4_USART1;
 478              		.loc 1 184 27 is_stmt 0 view .LVU157
 479 00fa 3894     		str	r4, [sp, #224]
 185:Core/Src/usart.c ****     HAL_GPIO_Init(GPIOB, &GPIO_InitStruct);
 480              		.loc 1 185 5 is_stmt 1 view .LVU158
 185:Core/Src/usart.c ****     HAL_GPIO_Init(GPIOB, &GPIO_InitStruct);
 481              		.loc 1 185 31 is_stmt 0 view .LVU159
 482 00fc 0423     		movs	r3, #4
 483 00fe 3993     		str	r3, [sp, #228]
 186:Core/Src/usart.c **** 
 484              		.loc 1 186 5 is_stmt 1 view .LVU160
 485 0100 35AD     		add	r5, sp, #212
 486 0102 2946     		mov	r1, r5
 487 0104 0D48     		ldr	r0, .L35+16
 488 0106 FFF7FEFF 		bl	HAL_GPIO_Init
 489              	.LVL26:
 188:Core/Src/usart.c ****     GPIO_InitStruct.Mode = GPIO_MODE_AF_PP;
 490              		.loc 1 188 5 view .LVU161
 188:Core/Src/usart.c ****     GPIO_InitStruct.Mode = GPIO_MODE_AF_PP;
 491              		.loc 1 188 25 is_stmt 0 view .LVU162
 492 010a 4FF40073 		mov	r3, #512
 493 010e 3593     		str	r3, [sp, #212]
 189:Core/Src/usart.c ****     GPIO_InitStruct.Pull = GPIO_NOPULL;
 494              		.loc 1 189 5 is_stmt 1 view .LVU163
 189:Core/Src/usart.c ****     GPIO_InitStruct.Pull = GPIO_NOPULL;
 495              		.loc 1 189 26 is_stmt 0 view .LVU164
 496 0110 3696     		str	r6, [sp, #216]
 190:Core/Src/usart.c ****     GPIO_InitStruct.Speed = GPIO_SPEED_FREQ_LOW;
 497              		.loc 1 190 5 is_stmt 1 view .LVU165
 190:Core/Src/usart.c ****     GPIO_InitStruct.Speed = GPIO_SPEED_FREQ_LOW;
 498              		.loc 1 190 26 is_stmt 0 view .LVU166
 499 0112 3794     		str	r4, [sp, #220]
 191:Core/Src/usart.c ****     GPIO_InitStruct.Alternate = GPIO_AF7_USART1;
 500              		.loc 1 191 5 is_stmt 1 view .LVU167
 191:Core/Src/usart.c ****     GPIO_InitStruct.Alternate = GPIO_AF7_USART1;
 501              		.loc 1 191 27 is_stmt 0 view .LVU168
 502 0114 3894     		str	r4, [sp, #224]
 192:Core/Src/usart.c ****     HAL_GPIO_Init(GPIOA, &GPIO_InitStruct);
 503              		.loc 1 192 5 is_stmt 1 view .LVU169
 192:Core/Src/usart.c ****     HAL_GPIO_Init(GPIOA, &GPIO_InitStruct);
 504              		.loc 1 192 31 is_stmt 0 view .LVU170
 505 0116 0723     		movs	r3, #7
 506 0118 3993     		str	r3, [sp, #228]
 193:Core/Src/usart.c **** 
 507              		.loc 1 193 5 is_stmt 1 view .LVU171
 508 011a 2946     		mov	r1, r5
 509 011c 0648     		ldr	r0, .L35+12
 510 011e FFF7FEFF 		bl	HAL_GPIO_Init
 511              	.LVL27:
 512              		.loc 1 199 1 is_stmt 0 view .LVU172
 513 0122 81E7     		b	.L25
 514              	.LVL28:
 515              	.L34:
 169:Core/Src/usart.c ****     }
 516              		.loc 1 169 7 is_stmt 1 view .LVU173
 517 0124 FFF7FEFF 		bl	Error_Handler
 518              	.LVL29:
ARM GAS  C:\msys64\tmp\cc7yOwqg.s 			page 15


 519 0128 BBE7     		b	.L29
 520              	.L36:
 521 012a 00BF     		.align	2
 522              	.L35:
 523 012c 004C0040 		.word	1073761280
 524 0130 00100140 		.word	1073811456
 525 0134 00440258 		.word	1476543488
 526 0138 00000258 		.word	1476526080
 527 013c 00040258 		.word	1476527104
 528              		.cfi_endproc
 529              	.LFE149:
 531              		.section	.text.HAL_UART_MspDeInit,"ax",%progbits
 532              		.align	1
 533              		.global	HAL_UART_MspDeInit
 534              		.syntax unified
 535              		.thumb
 536              		.thumb_func
 538              	HAL_UART_MspDeInit:
 539              	.LVL30:
 540              	.LFB150:
 200:Core/Src/usart.c **** 
 201:Core/Src/usart.c **** void HAL_UART_MspDeInit(UART_HandleTypeDef* uartHandle)
 202:Core/Src/usart.c **** {
 541              		.loc 1 202 1 view -0
 542              		.cfi_startproc
 543              		@ args = 0, pretend = 0, frame = 0
 544              		@ frame_needed = 0, uses_anonymous_args = 0
 545              		.loc 1 202 1 is_stmt 0 view .LVU175
 546 0000 08B5     		push	{r3, lr}
 547              	.LCFI6:
 548              		.cfi_def_cfa_offset 8
 549              		.cfi_offset 3, -8
 550              		.cfi_offset 14, -4
 203:Core/Src/usart.c **** 
 204:Core/Src/usart.c ****   if(uartHandle->Instance==UART4)
 551              		.loc 1 204 3 is_stmt 1 view .LVU176
 552              		.loc 1 204 16 is_stmt 0 view .LVU177
 553 0002 0368     		ldr	r3, [r0]
 554              		.loc 1 204 5 view .LVU178
 555 0004 124A     		ldr	r2, .L43
 556 0006 9342     		cmp	r3, r2
 557 0008 03D0     		beq	.L41
 205:Core/Src/usart.c ****   {
 206:Core/Src/usart.c ****   /* USER CODE BEGIN UART4_MspDeInit 0 */
 207:Core/Src/usart.c **** 
 208:Core/Src/usart.c ****   /* USER CODE END UART4_MspDeInit 0 */
 209:Core/Src/usart.c ****     /* Peripheral clock disable */
 210:Core/Src/usart.c ****     __HAL_RCC_UART4_CLK_DISABLE();
 211:Core/Src/usart.c **** 
 212:Core/Src/usart.c ****     /**UART4 GPIO Configuration
 213:Core/Src/usart.c ****     PA0     ------> UART4_TX
 214:Core/Src/usart.c ****     PA1     ------> UART4_RX
 215:Core/Src/usart.c ****     */
 216:Core/Src/usart.c ****     HAL_GPIO_DeInit(GPIOA, GPIO_PIN_0|GPIO_PIN_1);
 217:Core/Src/usart.c **** 
 218:Core/Src/usart.c ****   /* USER CODE BEGIN UART4_MspDeInit 1 */
 219:Core/Src/usart.c **** 
ARM GAS  C:\msys64\tmp\cc7yOwqg.s 			page 16


 220:Core/Src/usart.c ****   /* USER CODE END UART4_MspDeInit 1 */
 221:Core/Src/usart.c ****   }
 222:Core/Src/usart.c ****   else if(uartHandle->Instance==USART1)
 558              		.loc 1 222 8 is_stmt 1 view .LVU179
 559              		.loc 1 222 10 is_stmt 0 view .LVU180
 560 000a 124A     		ldr	r2, .L43+4
 561 000c 9342     		cmp	r3, r2
 562 000e 0CD0     		beq	.L42
 563              	.LVL31:
 564              	.L37:
 223:Core/Src/usart.c ****   {
 224:Core/Src/usart.c ****   /* USER CODE BEGIN USART1_MspDeInit 0 */
 225:Core/Src/usart.c **** 
 226:Core/Src/usart.c ****   /* USER CODE END USART1_MspDeInit 0 */
 227:Core/Src/usart.c ****     /* Peripheral clock disable */
 228:Core/Src/usart.c ****     __HAL_RCC_USART1_CLK_DISABLE();
 229:Core/Src/usart.c **** 
 230:Core/Src/usart.c ****     /**USART1 GPIO Configuration
 231:Core/Src/usart.c ****     PB15     ------> USART1_RX
 232:Core/Src/usart.c ****     PA9     ------> USART1_TX
 233:Core/Src/usart.c ****     */
 234:Core/Src/usart.c ****     HAL_GPIO_DeInit(GPIOB, GPIO_PIN_15);
 235:Core/Src/usart.c **** 
 236:Core/Src/usart.c ****     HAL_GPIO_DeInit(GPIOA, GPIO_PIN_9);
 237:Core/Src/usart.c **** 
 238:Core/Src/usart.c ****   /* USER CODE BEGIN USART1_MspDeInit 1 */
 239:Core/Src/usart.c **** 
 240:Core/Src/usart.c ****   /* USER CODE END USART1_MspDeInit 1 */
 241:Core/Src/usart.c ****   }
 242:Core/Src/usart.c **** }
 565              		.loc 1 242 1 view .LVU181
 566 0010 08BD     		pop	{r3, pc}
 567              	.LVL32:
 568              	.L41:
 210:Core/Src/usart.c **** 
 569              		.loc 1 210 5 is_stmt 1 view .LVU182
 570 0012 114A     		ldr	r2, .L43+8
 571 0014 D2F8E830 		ldr	r3, [r2, #232]
 572 0018 23F40023 		bic	r3, r3, #524288
 573 001c C2F8E830 		str	r3, [r2, #232]
 216:Core/Src/usart.c **** 
 574              		.loc 1 216 5 view .LVU183
 575 0020 0321     		movs	r1, #3
 576 0022 0E48     		ldr	r0, .L43+12
 577              	.LVL33:
 216:Core/Src/usart.c **** 
 578              		.loc 1 216 5 is_stmt 0 view .LVU184
 579 0024 FFF7FEFF 		bl	HAL_GPIO_DeInit
 580              	.LVL34:
 581 0028 F2E7     		b	.L37
 582              	.LVL35:
 583              	.L42:
 228:Core/Src/usart.c **** 
 584              		.loc 1 228 5 is_stmt 1 view .LVU185
 585 002a 0B4A     		ldr	r2, .L43+8
 586 002c D2F8F030 		ldr	r3, [r2, #240]
 587 0030 23F01003 		bic	r3, r3, #16
ARM GAS  C:\msys64\tmp\cc7yOwqg.s 			page 17


 588 0034 C2F8F030 		str	r3, [r2, #240]
 234:Core/Src/usart.c **** 
 589              		.loc 1 234 5 view .LVU186
 590 0038 4FF40041 		mov	r1, #32768
 591 003c 0848     		ldr	r0, .L43+16
 592              	.LVL36:
 234:Core/Src/usart.c **** 
 593              		.loc 1 234 5 is_stmt 0 view .LVU187
 594 003e FFF7FEFF 		bl	HAL_GPIO_DeInit
 595              	.LVL37:
 236:Core/Src/usart.c **** 
 596              		.loc 1 236 5 is_stmt 1 view .LVU188
 597 0042 4FF40071 		mov	r1, #512
 598 0046 0548     		ldr	r0, .L43+12
 599 0048 FFF7FEFF 		bl	HAL_GPIO_DeInit
 600              	.LVL38:
 601              		.loc 1 242 1 is_stmt 0 view .LVU189
 602 004c E0E7     		b	.L37
 603              	.L44:
 604 004e 00BF     		.align	2
 605              	.L43:
 606 0050 004C0040 		.word	1073761280
 607 0054 00100140 		.word	1073811456
 608 0058 00440258 		.word	1476543488
 609 005c 00000258 		.word	1476526080
 610 0060 00040258 		.word	1476527104
 611              		.cfi_endproc
 612              	.LFE150:
 614              		.global	huart1
 615              		.section	.bss.huart1,"aw",%nobits
 616              		.align	2
 619              	huart1:
 620 0000 00000000 		.space	148
 620      00000000 
 620      00000000 
 620      00000000 
 620      00000000 
 621              		.global	huart4
 622              		.section	.bss.huart4,"aw",%nobits
 623              		.align	2
 626              	huart4:
 627 0000 00000000 		.space	148
 627      00000000 
 627      00000000 
 627      00000000 
 627      00000000 
 628              		.text
 629              	.Letext0:
 630              		.file 2 "C:/Program Files (x86)/Arm GNU Toolchain arm-none-eabi/14.3 rel1/arm-none-eabi/include/ma
 631              		.file 3 "C:/Program Files (x86)/Arm GNU Toolchain arm-none-eabi/14.3 rel1/arm-none-eabi/include/sy
 632              		.file 4 "Drivers/CMSIS/Device/ST/STM32H7xx/Include/stm32h723xx.h"
 633              		.file 5 "Drivers/STM32H7xx_HAL_Driver/Inc/stm32h7xx_hal_def.h"
 634              		.file 6 "Drivers/STM32H7xx_HAL_Driver/Inc/stm32h7xx_hal_rcc_ex.h"
 635              		.file 7 "Drivers/STM32H7xx_HAL_Driver/Inc/stm32h7xx_hal_gpio.h"
 636              		.file 8 "Drivers/STM32H7xx_HAL_Driver/Inc/stm32h7xx_hal_dma.h"
 637              		.file 9 "Drivers/STM32H7xx_HAL_Driver/Inc/stm32h7xx_hal_uart.h"
 638              		.file 10 "Core/Inc/usart.h"
ARM GAS  C:\msys64\tmp\cc7yOwqg.s 			page 18


 639              		.file 11 "Drivers/STM32H7xx_HAL_Driver/Inc/stm32h7xx_hal_uart_ex.h"
 640              		.file 12 "Core/Inc/main.h"
 641              		.file 13 "<built-in>"
ARM GAS  C:\msys64\tmp\cc7yOwqg.s 			page 19


DEFINED SYMBOLS
                            *ABS*:00000000 usart.c
C:\msys64\tmp\cc7yOwqg.s:20     .text.MX_UART4_Init:00000000 $t
C:\msys64\tmp\cc7yOwqg.s:26     .text.MX_UART4_Init:00000000 MX_UART4_Init
C:\msys64\tmp\cc7yOwqg.s:134    .text.MX_UART4_Init:00000060 $d
C:\msys64\tmp\cc7yOwqg.s:626    .bss.huart4:00000000 huart4
C:\msys64\tmp\cc7yOwqg.s:140    .text.MX_USART1_UART_Init:00000000 $t
C:\msys64\tmp\cc7yOwqg.s:146    .text.MX_USART1_UART_Init:00000000 MX_USART1_UART_Init
C:\msys64\tmp\cc7yOwqg.s:254    .text.MX_USART1_UART_Init:00000060 $d
C:\msys64\tmp\cc7yOwqg.s:619    .bss.huart1:00000000 huart1
C:\msys64\tmp\cc7yOwqg.s:260    .text.HAL_UART_MspInit:00000000 $t
C:\msys64\tmp\cc7yOwqg.s:266    .text.HAL_UART_MspInit:00000000 HAL_UART_MspInit
C:\msys64\tmp\cc7yOwqg.s:523    .text.HAL_UART_MspInit:0000012c $d
C:\msys64\tmp\cc7yOwqg.s:532    .text.HAL_UART_MspDeInit:00000000 $t
C:\msys64\tmp\cc7yOwqg.s:538    .text.HAL_UART_MspDeInit:00000000 HAL_UART_MspDeInit
C:\msys64\tmp\cc7yOwqg.s:606    .text.HAL_UART_MspDeInit:00000050 $d
C:\msys64\tmp\cc7yOwqg.s:616    .bss.huart1:00000000 $d
C:\msys64\tmp\cc7yOwqg.s:623    .bss.huart4:00000000 $d

UNDEFINED SYMBOLS
HAL_UART_Init
HAL_UARTEx_SetTxFifoThreshold
HAL_UARTEx_SetRxFifoThreshold
HAL_UARTEx_DisableFifoMode
Error_Handler
memset
HAL_RCCEx_PeriphCLKConfig
HAL_GPIO_Init
HAL_GPIO_DeInit
